17:35:50,655 ERROR ApplicationServiceProvider - Fatal Error in Initailizing Either Client or Server Implementation of Application Service
17:35:50,780  INFO XmlBeanDefinitionReader - Loading XML bean definitions from class path resource [remoteService.xml]
17:35:50,827 DEBUG XmlBeanDefinitionReader - Using JAXP implementation [org.apache.xerces.jaxp.DocumentBuilderFactoryImpl@b61fd1]
17:35:51,077 DEBUG ResourceEntityResolver - Trying to resolve XML entity with public ID [-//SPRING//DTD BEAN//EN] and system ID [http://www.springframework.org/dtd/spring-beans.dtd]
17:35:51,077 DEBUG ResourceEntityResolver - Trying to locate [spring-beans.dtd] under [/org/springframework/beans/factory/xml/]
17:35:51,092 DEBUG ResourceEntityResolver - Found beans DTD [http://www.springframework.org/dtd/spring-beans.dtd] in classpath
17:35:51,139 DEBUG DefaultXmlBeanDefinitionParser - Loading bean definitions
17:35:51,155 DEBUG DefaultXmlBeanDefinitionParser - Default lazy init 'false'
17:35:51,155 DEBUG DefaultXmlBeanDefinitionParser - Default dependency check 'none'
17:35:51,155 DEBUG DefaultXmlBeanDefinitionParser - Default autowire 'no'
17:35:51,171 DEBUG DefaultXmlBeanDefinitionParser - Found 1 <bean> elements defining beans
17:35:51,186  INFO ClassPathXmlApplicationContext - Bean factory for application context [org.springframework.context.support.ClassPathXmlApplicationContext;hashCode=30541453]: org.springframework.beans.factory.support.DefaultListableBeanFactory defining beans [remoteService]; root of BeanFactory hierarchy
17:35:51,186  INFO ClassPathXmlApplicationContext - 1 beans defined in application context [org.springframework.context.support.ClassPathXmlApplicationContext;hashCode=30541453]
17:35:51,186  INFO CollectionFactory - JDK 1.4+ collections available
17:35:51,186 DEBUG CollectionFactory - Creating java.util.LinkedHashMap
17:35:51,202  INFO ClassPathXmlApplicationContext - Unable to locate MessageSource with name 'messageSource': using default [org.springframework.context.support.DelegatingMessageSource@9df6f1]
17:35:51,202  INFO ClassPathXmlApplicationContext - Unable to locate ApplicationEventMulticaster with name 'applicationEventMulticaster': using default [org.springframework.context.event.SimpleApplicationEventMulticaster@b8bef7]
17:35:51,202 DEBUG CollectionFactory - Creating java.util.LinkedHashMap
17:35:51,202  INFO DefaultListableBeanFactory - Pre-instantiating singletons in factory [org.springframework.beans.factory.support.DefaultListableBeanFactory defining beans [remoteService]; root of BeanFactory hierarchy]
17:35:51,202  INFO DefaultListableBeanFactory - Creating shared instance of singleton bean 'remoteService'
17:35:51,202 DEBUG DefaultListableBeanFactory - Creating instance of bean 'remoteService' with merged definition [Root bean with class [org.springframework.remoting.httpinvoker.HttpInvokerProxyFactoryBean] defined in class path resource [remoteService.xml]]
17:35:51,202 DEBUG DefaultListableBeanFactory - Invoking BeanPostProcessors before instantiaion of bean 'remoteService'
17:35:51,264 DEBUG CachedIntrospectionResults - Getting BeanInfo for class [org.springframework.remoting.httpinvoker.HttpInvokerProxyFactoryBean]
17:35:51,280 DEBUG CachedIntrospectionResults - Caching PropertyDescriptors for class [org.springframework.remoting.httpinvoker.HttpInvokerProxyFactoryBean]
17:35:51,280 DEBUG CachedIntrospectionResults - Found property 'class' of type [java.lang.Class]
17:35:51,280 DEBUG CachedIntrospectionResults - Found property 'codebaseUrl' of type [java.lang.String]
17:35:51,280 DEBUG CachedIntrospectionResults - Found property 'httpInvokerRequestExecutor' of type [org.springframework.remoting.httpinvoker.HttpInvokerRequestExecutor]
17:35:51,280 DEBUG CachedIntrospectionResults - Found property 'object' of type [java.lang.Object]
17:35:51,280 DEBUG CachedIntrospectionResults - Found property 'objectType' of type [java.lang.Class]
17:35:51,280 DEBUG CachedIntrospectionResults - Found property 'remoteInvocationFactory' of type [org.springframework.remoting.support.RemoteInvocationFactory]
17:35:51,280 DEBUG CachedIntrospectionResults - Found property 'serviceInterface' of type [java.lang.Class]
17:35:51,280 DEBUG CachedIntrospectionResults - Found property 'serviceUrl' of type [java.lang.String]
17:35:51,280 DEBUG CachedIntrospectionResults - Found property 'singleton' of type [boolean]
17:35:51,280 DEBUG CachedIntrospectionResults - Class [org.springframework.remoting.httpinvoker.HttpInvokerProxyFactoryBean] is cache-safe
17:35:51,296 DEBUG BeanWrapperImpl - About to invoke write method [public void org.springframework.remoting.support.UrlBasedRemoteAccessor.setServiceUrl(java.lang.String)] on object of class [org.springframework.remoting.httpinvoker.HttpInvokerProxyFactoryBean]
17:35:51,296 DEBUG BeanWrapperImpl - Invoked write method [public void org.springframework.remoting.support.UrlBasedRemoteAccessor.setServiceUrl(java.lang.String)] with value [http://localhost:8080/catissuecore/http/remoteService]
17:35:51,296 DEBUG BeanWrapperImpl - Converting String to [class java.lang.Class] using property editor [org.springframework.beans.propertyeditors.ClassEditor@1b48197]
17:35:51,296 DEBUG BeanWrapperImpl - About to invoke write method [public void org.springframework.remoting.support.RemoteAccessor.setServiceInterface(java.lang.Class)] on object of class [org.springframework.remoting.httpinvoker.HttpInvokerProxyFactoryBean]
17:35:51,296 DEBUG BeanWrapperImpl - Invoked write method [public void org.springframework.remoting.support.RemoteAccessor.setServiceInterface(java.lang.Class)] with value [interface gov.nih.nci.system.comm.common.ApplicationServiceProxy]
17:35:51,296 DEBUG DefaultListableBeanFactory - Invoking BeanPostProcessors before initialization of bean 'remoteService'
17:35:51,296 DEBUG DefaultListableBeanFactory - Invoking afterPropertiesSet() on bean with name 'remoteService'
17:35:51,405  INFO DefaultAopProxyFactory - CGLIB2 available: proxyTargetClass feature enabled
17:35:51,405 DEBUG CollectionFactory - Creating java.util.IdentityHashMap
17:35:51,405 DEBUG ProxyFactory - Added new aspect interface: gov.nih.nci.system.comm.common.ApplicationServiceProxy
17:35:51,421 DEBUG JdkDynamicAopProxy - Creating JDK dynamic proxy
17:35:51,452 DEBUG DefaultListableBeanFactory - Invoking BeanPostProcessors after initialization of bean 'remoteService'
17:35:51,468 DEBUG DefaultListableBeanFactory - Calling code asked for FactoryBean instance for name 'remoteService'
17:35:51,468 DEBUG DefaultListableBeanFactory - Returning cached instance of singleton bean 'remoteService'
17:35:51,468 DEBUG DefaultListableBeanFactory - Bean with name 'remoteService' is a factory bean
17:35:51,483 DEBUG ClassPathXmlApplicationContext - Publishing event in context [org.springframework.context.support.ClassPathXmlApplicationContext;hashCode=30541453]: org.springframework.context.event.ContextRefreshedEvent[source=org.springframework.context.support.ClassPathXmlApplicationContext: display name [org.springframework.context.support.ClassPathXmlApplicationContext;hashCode=30541453]; startup date [Sat Oct 07 17:35:50 GMT+05:30 2006]; root of context hierarchy]
17:35:51,483 DEBUG DefaultListableBeanFactory - Returning cached instance of singleton bean 'remoteService'
17:35:51,483 DEBUG DefaultListableBeanFactory - Bean with name 'remoteService' is a factory bean
17:35:51,483  INFO XmlBeanDefinitionReader - Loading XML bean definitions from class path resource [remoteService.xml]
17:35:51,483 DEBUG XmlBeanDefinitionReader - Using JAXP implementation [org.apache.xerces.jaxp.DocumentBuilderFactoryImpl@a084f8]
17:35:51,499 DEBUG ResourceEntityResolver - Trying to resolve XML entity with public ID [-//SPRING//DTD BEAN//EN] and system ID [http://www.springframework.org/dtd/spring-beans.dtd]
17:35:51,499 DEBUG ResourceEntityResolver - Trying to locate [spring-beans.dtd] under [/org/springframework/beans/factory/xml/]
17:35:51,499 DEBUG ResourceEntityResolver - Found beans DTD [http://www.springframework.org/dtd/spring-beans.dtd] in classpath
17:35:51,514 DEBUG DefaultXmlBeanDefinitionParser - Loading bean definitions
17:35:51,514 DEBUG DefaultXmlBeanDefinitionParser - Default lazy init 'false'
17:35:51,514 DEBUG DefaultXmlBeanDefinitionParser - Default dependency check 'none'
17:35:51,514 DEBUG DefaultXmlBeanDefinitionParser - Default autowire 'no'
17:35:51,514 DEBUG DefaultXmlBeanDefinitionParser - Found 1 <bean> elements defining beans
17:35:51,514  INFO ClassPathXmlApplicationContext - Bean factory for application context [org.springframework.context.support.ClassPathXmlApplicationContext;hashCode=16316379]: org.springframework.beans.factory.support.DefaultListableBeanFactory defining beans [remoteService]; root of BeanFactory hierarchy
17:35:51,514  INFO ClassPathXmlApplicationContext - 1 beans defined in application context [org.springframework.context.support.ClassPathXmlApplicationContext;hashCode=16316379]
17:35:51,514 DEBUG CollectionFactory - Creating java.util.LinkedHashMap
17:35:51,514  INFO ClassPathXmlApplicationContext - Unable to locate MessageSource with name 'messageSource': using default [org.springframework.context.support.DelegatingMessageSource@1bbd23f]
17:35:51,514  INFO ClassPathXmlApplicationContext - Unable to locate ApplicationEventMulticaster with name 'applicationEventMulticaster': using default [org.springframework.context.event.SimpleApplicationEventMulticaster@1e845c2]
17:35:51,514 DEBUG CollectionFactory - Creating java.util.LinkedHashMap
17:35:51,514  INFO DefaultListableBeanFactory - Pre-instantiating singletons in factory [org.springframework.beans.factory.support.DefaultListableBeanFactory defining beans [remoteService]; root of BeanFactory hierarchy]
17:35:51,514  INFO DefaultListableBeanFactory - Creating shared instance of singleton bean 'remoteService'
17:35:51,514 DEBUG DefaultListableBeanFactory - Creating instance of bean 'remoteService' with merged definition [Root bean with class [org.springframework.remoting.httpinvoker.HttpInvokerProxyFactoryBean] defined in class path resource [remoteService.xml]]
17:35:51,514 DEBUG DefaultListableBeanFactory - Invoking BeanPostProcessors before instantiaion of bean 'remoteService'
17:35:51,514 DEBUG CachedIntrospectionResults - Using cached introspection results for class [org.springframework.remoting.httpinvoker.HttpInvokerProxyFactoryBean]
17:35:51,514 DEBUG BeanWrapperImpl - About to invoke write method [public void org.springframework.remoting.support.UrlBasedRemoteAccessor.setServiceUrl(java.lang.String)] on object of class [org.springframework.remoting.httpinvoker.HttpInvokerProxyFactoryBean]
17:35:51,514 DEBUG BeanWrapperImpl - Invoked write method [public void org.springframework.remoting.support.UrlBasedRemoteAccessor.setServiceUrl(java.lang.String)] with value [http://localhost:8080/catissuecore/http/remoteService]
17:35:51,514 DEBUG BeanWrapperImpl - Converting String to [class java.lang.Class] using property editor [org.springframework.beans.propertyeditors.ClassEditor@3c0007]
17:35:51,514 DEBUG BeanWrapperImpl - About to invoke write method [public void org.springframework.remoting.support.RemoteAccessor.setServiceInterface(java.lang.Class)] on object of class [org.springframework.remoting.httpinvoker.HttpInvokerProxyFactoryBean]
17:35:51,514 DEBUG BeanWrapperImpl - Invoked write method [public void org.springframework.remoting.support.RemoteAccessor.setServiceInterface(java.lang.Class)] with value [interface gov.nih.nci.system.comm.common.ApplicationServiceProxy]
17:35:51,514 DEBUG DefaultListableBeanFactory - Invoking BeanPostProcessors before initialization of bean 'remoteService'
17:35:51,530 DEBUG DefaultListableBeanFactory - Invoking afterPropertiesSet() on bean with name 'remoteService'
17:35:51,530 DEBUG CollectionFactory - Creating java.util.IdentityHashMap
17:35:51,530 DEBUG ProxyFactory - Added new aspect interface: gov.nih.nci.system.comm.common.ApplicationServiceProxy
17:35:51,530 DEBUG JdkDynamicAopProxy - Creating JDK dynamic proxy
17:35:51,530 DEBUG DefaultListableBeanFactory - Invoking BeanPostProcessors after initialization of bean 'remoteService'
17:35:51,530 DEBUG DefaultListableBeanFactory - Calling code asked for FactoryBean instance for name 'remoteService'
17:35:51,530 DEBUG DefaultListableBeanFactory - Returning cached instance of singleton bean 'remoteService'
17:35:51,530 DEBUG DefaultListableBeanFactory - Bean with name 'remoteService' is a factory bean
17:35:51,530 DEBUG ClassPathXmlApplicationContext - Publishing event in context [org.springframework.context.support.ClassPathXmlApplicationContext;hashCode=16316379]: org.springframework.context.event.ContextRefreshedEvent[source=org.springframework.context.support.ClassPathXmlApplicationContext: display name [org.springframework.context.support.ClassPathXmlApplicationContext;hashCode=16316379]; startup date [Sat Oct 07 17:35:51 GMT+05:30 2006]; root of context hierarchy]
17:35:51,530 DEBUG DefaultListableBeanFactory - Returning cached instance of singleton bean 'remoteService'
17:35:51,530 DEBUG DefaultListableBeanFactory - Bean with name 'remoteService' is a factory bean
17:35:51,561 DEBUG SimpleHttpInvokerRequestExecutor - Sending HTTP invoker request for service at [http://localhost:8080/catissuecore/http/remoteService], with size 372
17:35:52,530 DEBUG SimpleHttpInvokerRequestExecutor - Sending HTTP invoker request for service at [http://localhost:8080/catissuecore/http/remoteService], with size 772
17:35:53,999 DEBUG SimpleHttpInvokerRequestExecutor - Sending HTTP invoker request for service at [http://localhost:8080/catissuecore/http/remoteService], with size 1162
17:35:54,171 DEBUG SimpleHttpInvokerRequestExecutor - Sending HTTP invoker request for service at [http://localhost:8080/catissuecore/http/remoteService], with size 970
17:35:54,234 DEBUG SimpleHttpInvokerRequestExecutor - Sending HTTP invoker request for service at [http://localhost:8080/catissuecore/http/remoteService], with size 661
17:35:54,312  INFO Institution -  Domain Object is successfully added ---->  Name:: inst1160222754234
17:35:54,312 DEBUG SimpleHttpInvokerRequestExecutor - Sending HTTP invoker request for service at [http://localhost:8080/catissuecore/http/remoteService], with size 658
17:35:54,374  INFO Department -  Domain Object is successfully added ----> Name:: dt1160222754312
17:35:54,374 DEBUG SimpleHttpInvokerRequestExecutor - Sending HTTP invoker request for service at [http://localhost:8080/catissuecore/http/remoteService], with size 668
17:35:54,437  INFO CancerResearchGroup -  Domain Object is successfully added ---->  Name:: crg1160222754374
17:35:54,453 DEBUG SimpleHttpInvokerRequestExecutor - Sending HTTP invoker request for service at [http://localhost:8080/catissuecore/http/remoteService], with size 2116
17:35:55,343  INFO User -  Domain Object is successfully added ---->  LoginName:: 19 ::  Name :: name1160222754453
17:35:55,359 DEBUG SimpleHttpInvokerRequestExecutor - Sending HTTP invoker request for service at [http://localhost:8080/catissuecore/http/remoteService], with size 3184
17:35:55,750  INFO Site -  Domain Object is successfully added ----> ID:: 12
17:35:55,750 DEBUG SimpleHttpInvokerRequestExecutor - Sending HTTP invoker request for service at [http://localhost:8080/catissuecore/http/remoteService], with size 808
17:35:55,828  INFO Biohazard -  Domain Object is successfully added ---->  Name:: bh1160222755750
17:35:55,859 DEBUG SimpleHttpInvokerRequestExecutor - Sending HTTP invoker request for service at [http://localhost:8080/catissuecore/http/remoteService], with size 4567
17:35:56,875  INFO CollectionProtocol -  Domain Object is successfully added ---->  ID:: 16
17:35:56,891 DEBUG SimpleHttpInvokerRequestExecutor - Sending HTTP invoker request for service at [http://localhost:8080/catissuecore/http/remoteService], with size 1473
17:35:57,110  INFO StorageType -  Domain Object is successfully added ---->  ID:: 20
17:35:57,125 DEBUG SimpleHttpInvokerRequestExecutor - Sending HTTP invoker request for service at [http://localhost:8080/catissuecore/http/remoteService], with size 5421
17:35:57,219  INFO CollectionProtocolRegistration -  Domain Object is successfully added ---->   ID:: 12
17:35:57,235 DEBUG SimpleHttpInvokerRequestExecutor - Sending HTTP invoker request for service at [http://localhost:8080/catissuecore/http/remoteService], with size 8096
17:35:57,281 ERROR StorageContainer - org.springframework.remoting.RemoteAccessException: Cannot access HTTP invoker remote service at [http://localhost:8080/catissuecore/http/remoteService]; nested exception is java.io.IOException: Server returned HTTP response code: 500 for URL: http://localhost:8080/catissuecore/http/remoteService
17:38:58,716 ERROR ApplicationServiceProvider - Fatal Error in Initailizing Either Client or Server Implementation of Application Service
17:38:58,826  INFO XmlBeanDefinitionReader - Loading XML bean definitions from class path resource [remoteService.xml]
17:38:58,888 DEBUG XmlBeanDefinitionReader - Using JAXP implementation [org.apache.xerces.jaxp.DocumentBuilderFactoryImpl@b61fd1]
17:38:59,154 DEBUG ResourceEntityResolver - Trying to resolve XML entity with public ID [-//SPRING//DTD BEAN//EN] and system ID [http://www.springframework.org/dtd/spring-beans.dtd]
17:38:59,154 DEBUG ResourceEntityResolver - Trying to locate [spring-beans.dtd] under [/org/springframework/beans/factory/xml/]
17:38:59,154 DEBUG ResourceEntityResolver - Found beans DTD [http://www.springframework.org/dtd/spring-beans.dtd] in classpath
17:38:59,216 DEBUG DefaultXmlBeanDefinitionParser - Loading bean definitions
17:38:59,232 DEBUG DefaultXmlBeanDefinitionParser - Default lazy init 'false'
17:38:59,232 DEBUG DefaultXmlBeanDefinitionParser - Default dependency check 'none'
17:38:59,232 DEBUG DefaultXmlBeanDefinitionParser - Default autowire 'no'
17:38:59,248 DEBUG DefaultXmlBeanDefinitionParser - Found 1 <bean> elements defining beans
17:38:59,248  INFO ClassPathXmlApplicationContext - Bean factory for application context [org.springframework.context.support.ClassPathXmlApplicationContext;hashCode=30541453]: org.springframework.beans.factory.support.DefaultListableBeanFactory defining beans [remoteService]; root of BeanFactory hierarchy
17:38:59,263  INFO ClassPathXmlApplicationContext - 1 beans defined in application context [org.springframework.context.support.ClassPathXmlApplicationContext;hashCode=30541453]
17:38:59,263  INFO CollectionFactory - JDK 1.4+ collections available
17:38:59,263 DEBUG CollectionFactory - Creating java.util.LinkedHashMap
17:38:59,263  INFO ClassPathXmlApplicationContext - Unable to locate MessageSource with name 'messageSource': using default [org.springframework.context.support.DelegatingMessageSource@9df6f1]
17:38:59,263  INFO ClassPathXmlApplicationContext - Unable to locate ApplicationEventMulticaster with name 'applicationEventMulticaster': using default [org.springframework.context.event.SimpleApplicationEventMulticaster@b8bef7]
17:38:59,279 DEBUG CollectionFactory - Creating java.util.LinkedHashMap
17:38:59,279  INFO DefaultListableBeanFactory - Pre-instantiating singletons in factory [org.springframework.beans.factory.support.DefaultListableBeanFactory defining beans [remoteService]; root of BeanFactory hierarchy]
17:38:59,279  INFO DefaultListableBeanFactory - Creating shared instance of singleton bean 'remoteService'
17:38:59,279 DEBUG DefaultListableBeanFactory - Creating instance of bean 'remoteService' with merged definition [Root bean with class [org.springframework.remoting.httpinvoker.HttpInvokerProxyFactoryBean] defined in class path resource [remoteService.xml]]
17:38:59,279 DEBUG DefaultListableBeanFactory - Invoking BeanPostProcessors before instantiaion of bean 'remoteService'
17:38:59,310 DEBUG CachedIntrospectionResults - Getting BeanInfo for class [org.springframework.remoting.httpinvoker.HttpInvokerProxyFactoryBean]
17:38:59,326 DEBUG CachedIntrospectionResults - Caching PropertyDescriptors for class [org.springframework.remoting.httpinvoker.HttpInvokerProxyFactoryBean]
17:38:59,326 DEBUG CachedIntrospectionResults - Found property 'class' of type [java.lang.Class]
17:38:59,326 DEBUG CachedIntrospectionResults - Found property 'codebaseUrl' of type [java.lang.String]
17:38:59,326 DEBUG CachedIntrospectionResults - Found property 'httpInvokerRequestExecutor' of type [org.springframework.remoting.httpinvoker.HttpInvokerRequestExecutor]
17:38:59,326 DEBUG CachedIntrospectionResults - Found property 'object' of type [java.lang.Object]
17:38:59,326 DEBUG CachedIntrospectionResults - Found property 'objectType' of type [java.lang.Class]
17:38:59,326 DEBUG CachedIntrospectionResults - Found property 'remoteInvocationFactory' of type [org.springframework.remoting.support.RemoteInvocationFactory]
17:38:59,326 DEBUG CachedIntrospectionResults - Found property 'serviceInterface' of type [java.lang.Class]
17:38:59,326 DEBUG CachedIntrospectionResults - Found property 'serviceUrl' of type [java.lang.String]
17:38:59,326 DEBUG CachedIntrospectionResults - Found property 'singleton' of type [boolean]
17:38:59,326 DEBUG CachedIntrospectionResults - Class [org.springframework.remoting.httpinvoker.HttpInvokerProxyFactoryBean] is cache-safe
17:38:59,341 DEBUG BeanWrapperImpl - About to invoke write method [public void org.springframework.remoting.support.UrlBasedRemoteAccessor.setServiceUrl(java.lang.String)] on object of class [org.springframework.remoting.httpinvoker.HttpInvokerProxyFactoryBean]
17:38:59,341 DEBUG BeanWrapperImpl - Invoked write method [public void org.springframework.remoting.support.UrlBasedRemoteAccessor.setServiceUrl(java.lang.String)] with value [http://localhost:8080/catissuecore/http/remoteService]
17:38:59,341 DEBUG BeanWrapperImpl - Converting String to [class java.lang.Class] using property editor [org.springframework.beans.propertyeditors.ClassEditor@1b48197]
17:38:59,341 DEBUG BeanWrapperImpl - About to invoke write method [public void org.springframework.remoting.support.RemoteAccessor.setServiceInterface(java.lang.Class)] on object of class [org.springframework.remoting.httpinvoker.HttpInvokerProxyFactoryBean]
17:38:59,341 DEBUG BeanWrapperImpl - Invoked write method [public void org.springframework.remoting.support.RemoteAccessor.setServiceInterface(java.lang.Class)] with value [interface gov.nih.nci.system.comm.common.ApplicationServiceProxy]
17:38:59,341 DEBUG DefaultListableBeanFactory - Invoking BeanPostProcessors before initialization of bean 'remoteService'
17:38:59,341 DEBUG DefaultListableBeanFactory - Invoking afterPropertiesSet() on bean with name 'remoteService'
17:38:59,435  INFO DefaultAopProxyFactory - CGLIB2 available: proxyTargetClass feature enabled
17:38:59,435 DEBUG CollectionFactory - Creating java.util.IdentityHashMap
17:38:59,435 DEBUG ProxyFactory - Added new aspect interface: gov.nih.nci.system.comm.common.ApplicationServiceProxy
17:38:59,451 DEBUG JdkDynamicAopProxy - Creating JDK dynamic proxy
17:38:59,482 DEBUG DefaultListableBeanFactory - Invoking BeanPostProcessors after initialization of bean 'remoteService'
17:38:59,482 DEBUG DefaultListableBeanFactory - Calling code asked for FactoryBean instance for name 'remoteService'
17:38:59,482 DEBUG DefaultListableBeanFactory - Returning cached instance of singleton bean 'remoteService'
17:38:59,482 DEBUG DefaultListableBeanFactory - Bean with name 'remoteService' is a factory bean
17:38:59,498 DEBUG ClassPathXmlApplicationContext - Publishing event in context [org.springframework.context.support.ClassPathXmlApplicationContext;hashCode=30541453]: org.springframework.context.event.ContextRefreshedEvent[source=org.springframework.context.support.ClassPathXmlApplicationContext: display name [org.springframework.context.support.ClassPathXmlApplicationContext;hashCode=30541453]; startup date [Sat Oct 07 17:38:58 GMT+05:30 2006]; root of context hierarchy]
17:38:59,498 DEBUG DefaultListableBeanFactory - Returning cached instance of singleton bean 'remoteService'
17:38:59,498 DEBUG DefaultListableBeanFactory - Bean with name 'remoteService' is a factory bean
17:38:59,513  INFO XmlBeanDefinitionReader - Loading XML bean definitions from class path resource [remoteService.xml]
17:38:59,513 DEBUG XmlBeanDefinitionReader - Using JAXP implementation [org.apache.xerces.jaxp.DocumentBuilderFactoryImpl@a084f8]
17:38:59,513 DEBUG ResourceEntityResolver - Trying to resolve XML entity with public ID [-//SPRING//DTD BEAN//EN] and system ID [http://www.springframework.org/dtd/spring-beans.dtd]
17:38:59,513 DEBUG ResourceEntityResolver - Trying to locate [spring-beans.dtd] under [/org/springframework/beans/factory/xml/]
17:38:59,513 DEBUG ResourceEntityResolver - Found beans DTD [http://www.springframework.org/dtd/spring-beans.dtd] in classpath
17:38:59,529 DEBUG DefaultXmlBeanDefinitionParser - Loading bean definitions
17:38:59,529 DEBUG DefaultXmlBeanDefinitionParser - Default lazy init 'false'
17:38:59,529 DEBUG DefaultXmlBeanDefinitionParser - Default dependency check 'none'
17:38:59,529 DEBUG DefaultXmlBeanDefinitionParser - Default autowire 'no'
17:38:59,544 DEBUG DefaultXmlBeanDefinitionParser - Found 1 <bean> elements defining beans
17:38:59,544  INFO ClassPathXmlApplicationContext - Bean factory for application context [org.springframework.context.support.ClassPathXmlApplicationContext;hashCode=16316379]: org.springframework.beans.factory.support.DefaultListableBeanFactory defining beans [remoteService]; root of BeanFactory hierarchy
17:38:59,544  INFO ClassPathXmlApplicationContext - 1 beans defined in application context [org.springframework.context.support.ClassPathXmlApplicationContext;hashCode=16316379]
17:38:59,544 DEBUG CollectionFactory - Creating java.util.LinkedHashMap
17:38:59,544  INFO ClassPathXmlApplicationContext - Unable to locate MessageSource with name 'messageSource': using default [org.springframework.context.support.DelegatingMessageSource@1bbd23f]
17:38:59,544  INFO ClassPathXmlApplicationContext - Unable to locate ApplicationEventMulticaster with name 'applicationEventMulticaster': using default [org.springframework.context.event.SimpleApplicationEventMulticaster@1e845c2]
17:38:59,544 DEBUG CollectionFactory - Creating java.util.LinkedHashMap
17:38:59,544  INFO DefaultListableBeanFactory - Pre-instantiating singletons in factory [org.springframework.beans.factory.support.DefaultListableBeanFactory defining beans [remoteService]; root of BeanFactory hierarchy]
17:38:59,544  INFO DefaultListableBeanFactory - Creating shared instance of singleton bean 'remoteService'
17:38:59,544 DEBUG DefaultListableBeanFactory - Creating instance of bean 'remoteService' with merged definition [Root bean with class [org.springframework.remoting.httpinvoker.HttpInvokerProxyFactoryBean] defined in class path resource [remoteService.xml]]
17:38:59,544 DEBUG DefaultListableBeanFactory - Invoking BeanPostProcessors before instantiaion of bean 'remoteService'
17:38:59,544 DEBUG CachedIntrospectionResults - Using cached introspection results for class [org.springframework.remoting.httpinvoker.HttpInvokerProxyFactoryBean]
17:38:59,544 DEBUG BeanWrapperImpl - About to invoke write method [public void org.springframework.remoting.support.UrlBasedRemoteAccessor.setServiceUrl(java.lang.String)] on object of class [org.springframework.remoting.httpinvoker.HttpInvokerProxyFactoryBean]
17:38:59,544 DEBUG BeanWrapperImpl - Invoked write method [public void org.springframework.remoting.support.UrlBasedRemoteAccessor.setServiceUrl(java.lang.String)] with value [http://localhost:8080/catissuecore/http/remoteService]
17:38:59,544 DEBUG BeanWrapperImpl - Converting String to [class java.lang.Class] using property editor [org.springframework.beans.propertyeditors.ClassEditor@3c0007]
17:38:59,544 DEBUG BeanWrapperImpl - About to invoke write method [public void org.springframework.remoting.support.RemoteAccessor.setServiceInterface(java.lang.Class)] on object of class [org.springframework.remoting.httpinvoker.HttpInvokerProxyFactoryBean]
17:38:59,544 DEBUG BeanWrapperImpl - Invoked write method [public void org.springframework.remoting.support.RemoteAccessor.setServiceInterface(java.lang.Class)] with value [interface gov.nih.nci.system.comm.common.ApplicationServiceProxy]
17:38:59,544 DEBUG DefaultListableBeanFactory - Invoking BeanPostProcessors before initialization of bean 'remoteService'
17:38:59,544 DEBUG DefaultListableBeanFactory - Invoking afterPropertiesSet() on bean with name 'remoteService'
17:38:59,544 DEBUG CollectionFactory - Creating java.util.IdentityHashMap
17:38:59,544 DEBUG ProxyFactory - Added new aspect interface: gov.nih.nci.system.comm.common.ApplicationServiceProxy
17:38:59,544 DEBUG JdkDynamicAopProxy - Creating JDK dynamic proxy
17:38:59,544 DEBUG DefaultListableBeanFactory - Invoking BeanPostProcessors after initialization of bean 'remoteService'
17:38:59,544 DEBUG DefaultListableBeanFactory - Calling code asked for FactoryBean instance for name 'remoteService'
17:38:59,544 DEBUG DefaultListableBeanFactory - Returning cached instance of singleton bean 'remoteService'
17:38:59,544 DEBUG DefaultListableBeanFactory - Bean with name 'remoteService' is a factory bean
17:38:59,544 DEBUG ClassPathXmlApplicationContext - Publishing event in context [org.springframework.context.support.ClassPathXmlApplicationContext;hashCode=16316379]: org.springframework.context.event.ContextRefreshedEvent[source=org.springframework.context.support.ClassPathXmlApplicationContext: display name [org.springframework.context.support.ClassPathXmlApplicationContext;hashCode=16316379]; startup date [Sat Oct 07 17:38:59 GMT+05:30 2006]; root of context hierarchy]
17:38:59,544 DEBUG DefaultListableBeanFactory - Returning cached instance of singleton bean 'remoteService'
17:38:59,544 DEBUG DefaultListableBeanFactory - Bean with name 'remoteService' is a factory bean
17:38:59,591 DEBUG SimpleHttpInvokerRequestExecutor - Sending HTTP invoker request for service at [http://localhost:8080/catissuecore/http/remoteService], with size 372
17:38:59,748 DEBUG SimpleHttpInvokerRequestExecutor - Sending HTTP invoker request for service at [http://localhost:8080/catissuecore/http/remoteService], with size 772
17:38:59,857 DEBUG SimpleHttpInvokerRequestExecutor - Sending HTTP invoker request for service at [http://localhost:8080/catissuecore/http/remoteService], with size 1162
17:39:00,013 DEBUG SimpleHttpInvokerRequestExecutor - Sending HTTP invoker request for service at [http://localhost:8080/catissuecore/http/remoteService], with size 970
17:39:00,076 DEBUG SimpleHttpInvokerRequestExecutor - Sending HTTP invoker request for service at [http://localhost:8080/catissuecore/http/remoteService], with size 661
17:39:00,154  INFO Institution -  Domain Object is successfully added ---->  Name:: inst1160222940076
17:39:00,154 DEBUG SimpleHttpInvokerRequestExecutor - Sending HTTP invoker request for service at [http://localhost:8080/catissuecore/http/remoteService], with size 658
17:39:00,217  INFO Department -  Domain Object is successfully added ----> Name:: dt1160222940154
17:39:00,217 DEBUG SimpleHttpInvokerRequestExecutor - Sending HTTP invoker request for service at [http://localhost:8080/catissuecore/http/remoteService], with size 668
17:39:00,279  INFO CancerResearchGroup -  Domain Object is successfully added ---->  Name:: crg1160222940217
17:39:00,295 DEBUG SimpleHttpInvokerRequestExecutor - Sending HTTP invoker request for service at [http://localhost:8080/catissuecore/http/remoteService], with size 2116
17:39:00,701  INFO User -  Domain Object is successfully added ---->  LoginName:: 20 ::  Name :: name1160222940279
17:39:00,701 DEBUG SimpleHttpInvokerRequestExecutor - Sending HTTP invoker request for service at [http://localhost:8080/catissuecore/http/remoteService], with size 3184
17:39:01,045  INFO Site -  Domain Object is successfully added ----> ID:: 13
17:39:01,045 DEBUG SimpleHttpInvokerRequestExecutor - Sending HTTP invoker request for service at [http://localhost:8080/catissuecore/http/remoteService], with size 808
17:39:01,123  INFO Biohazard -  Domain Object is successfully added ---->  Name:: bh1160222941045
17:39:01,139 DEBUG SimpleHttpInvokerRequestExecutor - Sending HTTP invoker request for service at [http://localhost:8080/catissuecore/http/remoteService], with size 4567
17:39:02,154  INFO CollectionProtocol -  Domain Object is successfully added ---->  ID:: 17
17:39:02,170 DEBUG SimpleHttpInvokerRequestExecutor - Sending HTTP invoker request for service at [http://localhost:8080/catissuecore/http/remoteService], with size 1473
17:39:02,326  INFO StorageType -  Domain Object is successfully added ---->  ID:: 21
17:39:02,342 DEBUG SimpleHttpInvokerRequestExecutor - Sending HTTP invoker request for service at [http://localhost:8080/catissuecore/http/remoteService], with size 5421
17:39:02,498  INFO CollectionProtocolRegistration -  Domain Object is successfully added ---->   ID:: 13
17:39:02,514 DEBUG SimpleHttpInvokerRequestExecutor - Sending HTTP invoker request for service at [http://localhost:8080/catissuecore/http/remoteService], with size 8191
17:39:03,092 ERROR StorageContainer - gov.nih.nci.system.applicationservice.ApplicationException: Submission failed since a Container with the same NAME already exists
17:40:06,920 ERROR ApplicationServiceProvider - Fatal Error in Initailizing Either Client or Server Implementation of Application Service
17:40:07,030  INFO XmlBeanDefinitionReader - Loading XML bean definitions from class path resource [remoteService.xml]
17:40:07,077 DEBUG XmlBeanDefinitionReader - Using JAXP implementation [org.apache.xerces.jaxp.DocumentBuilderFactoryImpl@b61fd1]
17:40:07,327 DEBUG ResourceEntityResolver - Trying to resolve XML entity with public ID [-//SPRING//DTD BEAN//EN] and system ID [http://www.springframework.org/dtd/spring-beans.dtd]
17:40:07,327 DEBUG ResourceEntityResolver - Trying to locate [spring-beans.dtd] under [/org/springframework/beans/factory/xml/]
17:40:07,342 DEBUG ResourceEntityResolver - Found beans DTD [http://www.springframework.org/dtd/spring-beans.dtd] in classpath
17:40:07,389 DEBUG DefaultXmlBeanDefinitionParser - Loading bean definitions
17:40:07,405 DEBUG DefaultXmlBeanDefinitionParser - Default lazy init 'false'
17:40:07,405 DEBUG DefaultXmlBeanDefinitionParser - Default dependency check 'none'
17:40:07,405 DEBUG DefaultXmlBeanDefinitionParser - Default autowire 'no'
17:40:07,420 DEBUG DefaultXmlBeanDefinitionParser - Found 1 <bean> elements defining beans
17:40:07,420  INFO ClassPathXmlApplicationContext - Bean factory for application context [org.springframework.context.support.ClassPathXmlApplicationContext;hashCode=30541453]: org.springframework.beans.factory.support.DefaultListableBeanFactory defining beans [remoteService]; root of BeanFactory hierarchy
17:40:07,436  INFO ClassPathXmlApplicationContext - 1 beans defined in application context [org.springframework.context.support.ClassPathXmlApplicationContext;hashCode=30541453]
17:40:07,436  INFO CollectionFactory - JDK 1.4+ collections available
17:40:07,436 DEBUG CollectionFactory - Creating java.util.LinkedHashMap
17:40:07,436  INFO ClassPathXmlApplicationContext - Unable to locate MessageSource with name 'messageSource': using default [org.springframework.context.support.DelegatingMessageSource@9df6f1]
17:40:07,436  INFO ClassPathXmlApplicationContext - Unable to locate ApplicationEventMulticaster with name 'applicationEventMulticaster': using default [org.springframework.context.event.SimpleApplicationEventMulticaster@b8bef7]
17:40:07,452 DEBUG CollectionFactory - Creating java.util.LinkedHashMap
17:40:07,452  INFO DefaultListableBeanFactory - Pre-instantiating singletons in factory [org.springframework.beans.factory.support.DefaultListableBeanFactory defining beans [remoteService]; root of BeanFactory hierarchy]
17:40:07,452  INFO DefaultListableBeanFactory - Creating shared instance of singleton bean 'remoteService'
17:40:07,452 DEBUG DefaultListableBeanFactory - Creating instance of bean 'remoteService' with merged definition [Root bean with class [org.springframework.remoting.httpinvoker.HttpInvokerProxyFactoryBean] defined in class path resource [remoteService.xml]]
17:40:07,452 DEBUG DefaultListableBeanFactory - Invoking BeanPostProcessors before instantiaion of bean 'remoteService'
17:40:07,483 DEBUG CachedIntrospectionResults - Getting BeanInfo for class [org.springframework.remoting.httpinvoker.HttpInvokerProxyFactoryBean]
17:40:07,499 DEBUG CachedIntrospectionResults - Caching PropertyDescriptors for class [org.springframework.remoting.httpinvoker.HttpInvokerProxyFactoryBean]
17:40:07,499 DEBUG CachedIntrospectionResults - Found property 'class' of type [java.lang.Class]
17:40:07,499 DEBUG CachedIntrospectionResults - Found property 'codebaseUrl' of type [java.lang.String]
17:40:07,499 DEBUG CachedIntrospectionResults - Found property 'httpInvokerRequestExecutor' of type [org.springframework.remoting.httpinvoker.HttpInvokerRequestExecutor]
17:40:07,499 DEBUG CachedIntrospectionResults - Found property 'object' of type [java.lang.Object]
17:40:07,499 DEBUG CachedIntrospectionResults - Found property 'objectType' of type [java.lang.Class]
17:40:07,499 DEBUG CachedIntrospectionResults - Found property 'remoteInvocationFactory' of type [org.springframework.remoting.support.RemoteInvocationFactory]
17:40:07,499 DEBUG CachedIntrospectionResults - Found property 'serviceInterface' of type [java.lang.Class]
17:40:07,499 DEBUG CachedIntrospectionResults - Found property 'serviceUrl' of type [java.lang.String]
17:40:07,499 DEBUG CachedIntrospectionResults - Found property 'singleton' of type [boolean]
17:40:07,499 DEBUG CachedIntrospectionResults - Class [org.springframework.remoting.httpinvoker.HttpInvokerProxyFactoryBean] is cache-safe
17:40:07,514 DEBUG BeanWrapperImpl - About to invoke write method [public void org.springframework.remoting.support.UrlBasedRemoteAccessor.setServiceUrl(java.lang.String)] on object of class [org.springframework.remoting.httpinvoker.HttpInvokerProxyFactoryBean]
17:40:07,514 DEBUG BeanWrapperImpl - Invoked write method [public void org.springframework.remoting.support.UrlBasedRemoteAccessor.setServiceUrl(java.lang.String)] with value [http://localhost:8080/catissuecore/http/remoteService]
17:40:07,514 DEBUG BeanWrapperImpl - Converting String to [class java.lang.Class] using property editor [org.springframework.beans.propertyeditors.ClassEditor@1b48197]
17:40:07,514 DEBUG BeanWrapperImpl - About to invoke write method [public void org.springframework.remoting.support.RemoteAccessor.setServiceInterface(java.lang.Class)] on object of class [org.springframework.remoting.httpinvoker.HttpInvokerProxyFactoryBean]
17:40:07,514 DEBUG BeanWrapperImpl - Invoked write method [public void org.springframework.remoting.support.RemoteAccessor.setServiceInterface(java.lang.Class)] with value [interface gov.nih.nci.system.comm.common.ApplicationServiceProxy]
17:40:07,514 DEBUG DefaultListableBeanFactory - Invoking BeanPostProcessors before initialization of bean 'remoteService'
17:40:07,514 DEBUG DefaultListableBeanFactory - Invoking afterPropertiesSet() on bean with name 'remoteService'
17:40:07,608  INFO DefaultAopProxyFactory - CGLIB2 available: proxyTargetClass feature enabled
17:40:07,608 DEBUG CollectionFactory - Creating java.util.IdentityHashMap
17:40:07,608 DEBUG ProxyFactory - Added new aspect interface: gov.nih.nci.system.comm.common.ApplicationServiceProxy
17:40:07,624 DEBUG JdkDynamicAopProxy - Creating JDK dynamic proxy
17:40:07,655 DEBUG DefaultListableBeanFactory - Invoking BeanPostProcessors after initialization of bean 'remoteService'
17:40:07,655 DEBUG DefaultListableBeanFactory - Calling code asked for FactoryBean instance for name 'remoteService'
17:40:07,655 DEBUG DefaultListableBeanFactory - Returning cached instance of singleton bean 'remoteService'
17:40:07,655 DEBUG DefaultListableBeanFactory - Bean with name 'remoteService' is a factory bean
17:40:07,670 DEBUG ClassPathXmlApplicationContext - Publishing event in context [org.springframework.context.support.ClassPathXmlApplicationContext;hashCode=30541453]: org.springframework.context.event.ContextRefreshedEvent[source=org.springframework.context.support.ClassPathXmlApplicationContext: display name [org.springframework.context.support.ClassPathXmlApplicationContext;hashCode=30541453]; startup date [Sat Oct 07 17:40:06 GMT+05:30 2006]; root of context hierarchy]
17:40:07,670 DEBUG DefaultListableBeanFactory - Returning cached instance of singleton bean 'remoteService'
17:40:07,670 DEBUG DefaultListableBeanFactory - Bean with name 'remoteService' is a factory bean
17:40:07,686  INFO XmlBeanDefinitionReader - Loading XML bean definitions from class path resource [remoteService.xml]
17:40:07,686 DEBUG XmlBeanDefinitionReader - Using JAXP implementation [org.apache.xerces.jaxp.DocumentBuilderFactoryImpl@a084f8]
17:40:07,686 DEBUG ResourceEntityResolver - Trying to resolve XML entity with public ID [-//SPRING//DTD BEAN//EN] and system ID [http://www.springframework.org/dtd/spring-beans.dtd]
17:40:07,686 DEBUG ResourceEntityResolver - Trying to locate [spring-beans.dtd] under [/org/springframework/beans/factory/xml/]
17:40:07,686 DEBUG ResourceEntityResolver - Found beans DTD [http://www.springframework.org/dtd/spring-beans.dtd] in classpath
17:40:07,702 DEBUG DefaultXmlBeanDefinitionParser - Loading bean definitions
17:40:07,702 DEBUG DefaultXmlBeanDefinitionParser - Default lazy init 'false'
17:40:07,717 DEBUG DefaultXmlBeanDefinitionParser - Default dependency check 'none'
17:40:07,717 DEBUG DefaultXmlBeanDefinitionParser - Default autowire 'no'
17:40:07,717 DEBUG DefaultXmlBeanDefinitionParser - Found 1 <bean> elements defining beans
17:40:07,717  INFO ClassPathXmlApplicationContext - Bean factory for application context [org.springframework.context.support.ClassPathXmlApplicationContext;hashCode=16316379]: org.springframework.beans.factory.support.DefaultListableBeanFactory defining beans [remoteService]; root of BeanFactory hierarchy
17:40:07,717  INFO ClassPathXmlApplicationContext - 1 beans defined in application context [org.springframework.context.support.ClassPathXmlApplicationContext;hashCode=16316379]
17:40:07,717 DEBUG CollectionFactory - Creating java.util.LinkedHashMap
17:40:07,717  INFO ClassPathXmlApplicationContext - Unable to locate MessageSource with name 'messageSource': using default [org.springframework.context.support.DelegatingMessageSource@1bbd23f]
17:40:07,717  INFO ClassPathXmlApplicationContext - Unable to locate ApplicationEventMulticaster with name 'applicationEventMulticaster': using default [org.springframework.context.event.SimpleApplicationEventMulticaster@1e845c2]
17:40:07,717 DEBUG CollectionFactory - Creating java.util.LinkedHashMap
17:40:07,717  INFO DefaultListableBeanFactory - Pre-instantiating singletons in factory [org.springframework.beans.factory.support.DefaultListableBeanFactory defining beans [remoteService]; root of BeanFactory hierarchy]
17:40:07,717  INFO DefaultListableBeanFactory - Creating shared instance of singleton bean 'remoteService'
17:40:07,717 DEBUG DefaultListableBeanFactory - Creating instance of bean 'remoteService' with merged definition [Root bean with class [org.springframework.remoting.httpinvoker.HttpInvokerProxyFactoryBean] defined in class path resource [remoteService.xml]]
17:40:07,717 DEBUG DefaultListableBeanFactory - Invoking BeanPostProcessors before instantiaion of bean 'remoteService'
17:40:07,717 DEBUG CachedIntrospectionResults - Using cached introspection results for class [org.springframework.remoting.httpinvoker.HttpInvokerProxyFactoryBean]
17:40:07,717 DEBUG BeanWrapperImpl - About to invoke write method [public void org.springframework.remoting.support.UrlBasedRemoteAccessor.setServiceUrl(java.lang.String)] on object of class [org.springframework.remoting.httpinvoker.HttpInvokerProxyFactoryBean]
17:40:07,717 DEBUG BeanWrapperImpl - Invoked write method [public void org.springframework.remoting.support.UrlBasedRemoteAccessor.setServiceUrl(java.lang.String)] with value [http://localhost:8080/catissuecore/http/remoteService]
17:40:07,717 DEBUG BeanWrapperImpl - Converting String to [class java.lang.Class] using property editor [org.springframework.beans.propertyeditors.ClassEditor@3c0007]
17:40:07,717 DEBUG BeanWrapperImpl - About to invoke write method [public void org.springframework.remoting.support.RemoteAccessor.setServiceInterface(java.lang.Class)] on object of class [org.springframework.remoting.httpinvoker.HttpInvokerProxyFactoryBean]
17:40:07,717 DEBUG BeanWrapperImpl - Invoked write method [public void org.springframework.remoting.support.RemoteAccessor.setServiceInterface(java.lang.Class)] with value [interface gov.nih.nci.system.comm.common.ApplicationServiceProxy]
17:40:07,717 DEBUG DefaultListableBeanFactory - Invoking BeanPostProcessors before initialization of bean 'remoteService'
17:40:07,717 DEBUG DefaultListableBeanFactory - Invoking afterPropertiesSet() on bean with name 'remoteService'
17:40:07,717 DEBUG CollectionFactory - Creating java.util.IdentityHashMap
17:40:07,717 DEBUG ProxyFactory - Added new aspect interface: gov.nih.nci.system.comm.common.ApplicationServiceProxy
17:40:07,717 DEBUG JdkDynamicAopProxy - Creating JDK dynamic proxy
17:40:07,717 DEBUG DefaultListableBeanFactory - Invoking BeanPostProcessors after initialization of bean 'remoteService'
17:40:07,717 DEBUG DefaultListableBeanFactory - Calling code asked for FactoryBean instance for name 'remoteService'
17:40:07,717 DEBUG DefaultListableBeanFactory - Returning cached instance of singleton bean 'remoteService'
17:40:07,717 DEBUG DefaultListableBeanFactory - Bean with name 'remoteService' is a factory bean
17:40:07,717 DEBUG ClassPathXmlApplicationContext - Publishing event in context [org.springframework.context.support.ClassPathXmlApplicationContext;hashCode=16316379]: org.springframework.context.event.ContextRefreshedEvent[source=org.springframework.context.support.ClassPathXmlApplicationContext: display name [org.springframework.context.support.ClassPathXmlApplicationContext;hashCode=16316379]; startup date [Sat Oct 07 17:40:07 GMT+05:30 2006]; root of context hierarchy]
17:40:07,717 DEBUG DefaultListableBeanFactory - Returning cached instance of singleton bean 'remoteService'
17:40:07,717 DEBUG DefaultListableBeanFactory - Bean with name 'remoteService' is a factory bean
17:40:07,780 DEBUG SimpleHttpInvokerRequestExecutor - Sending HTTP invoker request for service at [http://localhost:8080/catissuecore/http/remoteService], with size 372
17:40:07,889 DEBUG SimpleHttpInvokerRequestExecutor - Sending HTTP invoker request for service at [http://localhost:8080/catissuecore/http/remoteService], with size 772
17:40:07,999 DEBUG SimpleHttpInvokerRequestExecutor - Sending HTTP invoker request for service at [http://localhost:8080/catissuecore/http/remoteService], with size 1162
17:40:08,171 DEBUG SimpleHttpInvokerRequestExecutor - Sending HTTP invoker request for service at [http://localhost:8080/catissuecore/http/remoteService], with size 970
17:40:08,296 DEBUG SimpleHttpInvokerRequestExecutor - Sending HTTP invoker request for service at [http://localhost:8080/catissuecore/http/remoteService], with size 661
17:40:08,389  INFO Institution -  Domain Object is successfully added ---->  Name:: inst1160223008296
17:40:08,389 DEBUG SimpleHttpInvokerRequestExecutor - Sending HTTP invoker request for service at [http://localhost:8080/catissuecore/http/remoteService], with size 658
17:40:08,514  INFO Department -  Domain Object is successfully added ----> Name:: dt1160223008389
17:40:08,514 DEBUG SimpleHttpInvokerRequestExecutor - Sending HTTP invoker request for service at [http://localhost:8080/catissuecore/http/remoteService], with size 668
17:40:08,608  INFO CancerResearchGroup -  Domain Object is successfully added ---->  Name:: crg1160223008514
17:40:08,624 DEBUG SimpleHttpInvokerRequestExecutor - Sending HTTP invoker request for service at [http://localhost:8080/catissuecore/http/remoteService], with size 2116
17:40:08,936  INFO User -  Domain Object is successfully added ---->  LoginName:: 21 ::  Name :: name1160223008624
17:40:08,952 DEBUG SimpleHttpInvokerRequestExecutor - Sending HTTP invoker request for service at [http://localhost:8080/catissuecore/http/remoteService], with size 3184
17:40:09,452  INFO Site -  Domain Object is successfully added ----> ID:: 14
17:40:09,452 DEBUG SimpleHttpInvokerRequestExecutor - Sending HTTP invoker request for service at [http://localhost:8080/catissuecore/http/remoteService], with size 808
17:40:09,530  INFO Biohazard -  Domain Object is successfully added ---->  Name:: bh1160223009452
17:40:09,546 DEBUG SimpleHttpInvokerRequestExecutor - Sending HTTP invoker request for service at [http://localhost:8080/catissuecore/http/remoteService], with size 4567
17:40:10,562  INFO CollectionProtocol -  Domain Object is successfully added ---->  ID:: 18
17:40:10,577 DEBUG SimpleHttpInvokerRequestExecutor - Sending HTTP invoker request for service at [http://localhost:8080/catissuecore/http/remoteService], with size 1473
17:40:10,687  INFO StorageType -  Domain Object is successfully added ---->  ID:: 22
17:40:10,687 DEBUG SimpleHttpInvokerRequestExecutor - Sending HTTP invoker request for service at [http://localhost:8080/catissuecore/http/remoteService], with size 5421
17:40:10,781  INFO CollectionProtocolRegistration -  Domain Object is successfully added ---->   ID:: 14
17:40:10,796 DEBUG SimpleHttpInvokerRequestExecutor - Sending HTTP invoker request for service at [http://localhost:8080/catissuecore/http/remoteService], with size 8191
17:42:05,152 ERROR StorageContainer - gov.nih.nci.system.applicationservice.ApplicationException: Submission failed since a Container with the same NAME already exists
17:42:29,658 ERROR ApplicationServiceProvider - Fatal Error in Initailizing Either Client or Server Implementation of Application Service
17:42:29,752  INFO XmlBeanDefinitionReader - Loading XML bean definitions from class path resource [remoteService.xml]
17:42:29,799 DEBUG XmlBeanDefinitionReader - Using JAXP implementation [org.apache.xerces.jaxp.DocumentBuilderFactoryImpl@b61fd1]
17:42:30,049 DEBUG ResourceEntityResolver - Trying to resolve XML entity with public ID [-//SPRING//DTD BEAN//EN] and system ID [http://www.springframework.org/dtd/spring-beans.dtd]
17:42:30,049 DEBUG ResourceEntityResolver - Trying to locate [spring-beans.dtd] under [/org/springframework/beans/factory/xml/]
17:42:30,064 DEBUG ResourceEntityResolver - Found beans DTD [http://www.springframework.org/dtd/spring-beans.dtd] in classpath
17:42:30,111 DEBUG DefaultXmlBeanDefinitionParser - Loading bean definitions
17:42:30,127 DEBUG DefaultXmlBeanDefinitionParser - Default lazy init 'false'
17:42:30,127 DEBUG DefaultXmlBeanDefinitionParser - Default dependency check 'none'
17:42:30,127 DEBUG DefaultXmlBeanDefinitionParser - Default autowire 'no'
17:42:30,143 DEBUG DefaultXmlBeanDefinitionParser - Found 1 <bean> elements defining beans
17:42:30,143  INFO ClassPathXmlApplicationContext - Bean factory for application context [org.springframework.context.support.ClassPathXmlApplicationContext;hashCode=30541453]: org.springframework.beans.factory.support.DefaultListableBeanFactory defining beans [remoteService]; root of BeanFactory hierarchy
17:42:30,158  INFO ClassPathXmlApplicationContext - 1 beans defined in application context [org.springframework.context.support.ClassPathXmlApplicationContext;hashCode=30541453]
17:42:30,158  INFO CollectionFactory - JDK 1.4+ collections available
17:42:30,158 DEBUG CollectionFactory - Creating java.util.LinkedHashMap
17:42:30,174  INFO ClassPathXmlApplicationContext - Unable to locate MessageSource with name 'messageSource': using default [org.springframework.context.support.DelegatingMessageSource@9df6f1]
17:42:30,174  INFO ClassPathXmlApplicationContext - Unable to locate ApplicationEventMulticaster with name 'applicationEventMulticaster': using default [org.springframework.context.event.SimpleApplicationEventMulticaster@b8bef7]
17:42:30,174 DEBUG CollectionFactory - Creating java.util.LinkedHashMap
17:42:30,174  INFO DefaultListableBeanFactory - Pre-instantiating singletons in factory [org.springframework.beans.factory.support.DefaultListableBeanFactory defining beans [remoteService]; root of BeanFactory hierarchy]
17:42:30,174  INFO DefaultListableBeanFactory - Creating shared instance of singleton bean 'remoteService'
17:42:30,174 DEBUG DefaultListableBeanFactory - Creating instance of bean 'remoteService' with merged definition [Root bean with class [org.springframework.remoting.httpinvoker.HttpInvokerProxyFactoryBean] defined in class path resource [remoteService.xml]]
17:42:30,174 DEBUG DefaultListableBeanFactory - Invoking BeanPostProcessors before instantiaion of bean 'remoteService'
17:42:30,205 DEBUG CachedIntrospectionResults - Getting BeanInfo for class [org.springframework.remoting.httpinvoker.HttpInvokerProxyFactoryBean]
17:42:30,221 DEBUG CachedIntrospectionResults - Caching PropertyDescriptors for class [org.springframework.remoting.httpinvoker.HttpInvokerProxyFactoryBean]
17:42:30,221 DEBUG CachedIntrospectionResults - Found property 'class' of type [java.lang.Class]
17:42:30,221 DEBUG CachedIntrospectionResults - Found property 'codebaseUrl' of type [java.lang.String]
17:42:30,221 DEBUG CachedIntrospectionResults - Found property 'httpInvokerRequestExecutor' of type [org.springframework.remoting.httpinvoker.HttpInvokerRequestExecutor]
17:42:30,221 DEBUG CachedIntrospectionResults - Found property 'object' of type [java.lang.Object]
17:42:30,221 DEBUG CachedIntrospectionResults - Found property 'objectType' of type [java.lang.Class]
17:42:30,221 DEBUG CachedIntrospectionResults - Found property 'remoteInvocationFactory' of type [org.springframework.remoting.support.RemoteInvocationFactory]
17:42:30,221 DEBUG CachedIntrospectionResults - Found property 'serviceInterface' of type [java.lang.Class]
17:42:30,221 DEBUG CachedIntrospectionResults - Found property 'serviceUrl' of type [java.lang.String]
17:42:30,221 DEBUG CachedIntrospectionResults - Found property 'singleton' of type [boolean]
17:42:30,221 DEBUG CachedIntrospectionResults - Class [org.springframework.remoting.httpinvoker.HttpInvokerProxyFactoryBean] is cache-safe
17:42:30,236 DEBUG BeanWrapperImpl - About to invoke write method [public void org.springframework.remoting.support.UrlBasedRemoteAccessor.setServiceUrl(java.lang.String)] on object of class [org.springframework.remoting.httpinvoker.HttpInvokerProxyFactoryBean]
17:42:30,236 DEBUG BeanWrapperImpl - Invoked write method [public void org.springframework.remoting.support.UrlBasedRemoteAccessor.setServiceUrl(java.lang.String)] with value [http://localhost:8080/catissuecore/http/remoteService]
17:42:30,236 DEBUG BeanWrapperImpl - Converting String to [class java.lang.Class] using property editor [org.springframework.beans.propertyeditors.ClassEditor@1b48197]
17:42:30,236 DEBUG BeanWrapperImpl - About to invoke write method [public void org.springframework.remoting.support.RemoteAccessor.setServiceInterface(java.lang.Class)] on object of class [org.springframework.remoting.httpinvoker.HttpInvokerProxyFactoryBean]
17:42:30,236 DEBUG BeanWrapperImpl - Invoked write method [public void org.springframework.remoting.support.RemoteAccessor.setServiceInterface(java.lang.Class)] with value [interface gov.nih.nci.system.comm.common.ApplicationServiceProxy]
17:42:30,236 DEBUG DefaultListableBeanFactory - Invoking BeanPostProcessors before initialization of bean 'remoteService'
17:42:30,236 DEBUG DefaultListableBeanFactory - Invoking afterPropertiesSet() on bean with name 'remoteService'
17:42:30,330  INFO DefaultAopProxyFactory - CGLIB2 available: proxyTargetClass feature enabled
17:42:30,330 DEBUG CollectionFactory - Creating java.util.IdentityHashMap
17:42:30,330 DEBUG ProxyFactory - Added new aspect interface: gov.nih.nci.system.comm.common.ApplicationServiceProxy
17:42:30,346 DEBUG JdkDynamicAopProxy - Creating JDK dynamic proxy
17:42:30,377 DEBUG DefaultListableBeanFactory - Invoking BeanPostProcessors after initialization of bean 'remoteService'
17:42:30,377 DEBUG DefaultListableBeanFactory - Calling code asked for FactoryBean instance for name 'remoteService'
17:42:30,377 DEBUG DefaultListableBeanFactory - Returning cached instance of singleton bean 'remoteService'
17:42:30,377 DEBUG DefaultListableBeanFactory - Bean with name 'remoteService' is a factory bean
17:42:30,393 DEBUG ClassPathXmlApplicationContext - Publishing event in context [org.springframework.context.support.ClassPathXmlApplicationContext;hashCode=30541453]: org.springframework.context.event.ContextRefreshedEvent[source=org.springframework.context.support.ClassPathXmlApplicationContext: display name [org.springframework.context.support.ClassPathXmlApplicationContext;hashCode=30541453]; startup date [Sat Oct 07 17:42:29 GMT+05:30 2006]; root of context hierarchy]
17:42:30,393 DEBUG DefaultListableBeanFactory - Returning cached instance of singleton bean 'remoteService'
17:42:30,393 DEBUG DefaultListableBeanFactory - Bean with name 'remoteService' is a factory bean
17:42:30,408  INFO XmlBeanDefinitionReader - Loading XML bean definitions from class path resource [remoteService.xml]
17:42:30,408 DEBUG XmlBeanDefinitionReader - Using JAXP implementation [org.apache.xerces.jaxp.DocumentBuilderFactoryImpl@a084f8]
17:42:30,408 DEBUG ResourceEntityResolver - Trying to resolve XML entity with public ID [-//SPRING//DTD BEAN//EN] and system ID [http://www.springframework.org/dtd/spring-beans.dtd]
17:42:30,408 DEBUG ResourceEntityResolver - Trying to locate [spring-beans.dtd] under [/org/springframework/beans/factory/xml/]
17:42:30,408 DEBUG ResourceEntityResolver - Found beans DTD [http://www.springframework.org/dtd/spring-beans.dtd] in classpath
17:42:30,424 DEBUG DefaultXmlBeanDefinitionParser - Loading bean definitions
17:42:30,424 DEBUG DefaultXmlBeanDefinitionParser - Default lazy init 'false'
17:42:30,440 DEBUG DefaultXmlBeanDefinitionParser - Default dependency check 'none'
17:42:30,440 DEBUG DefaultXmlBeanDefinitionParser - Default autowire 'no'
17:42:30,440 DEBUG DefaultXmlBeanDefinitionParser - Found 1 <bean> elements defining beans
17:42:30,440  INFO ClassPathXmlApplicationContext - Bean factory for application context [org.springframework.context.support.ClassPathXmlApplicationContext;hashCode=16316379]: org.springframework.beans.factory.support.DefaultListableBeanFactory defining beans [remoteService]; root of BeanFactory hierarchy
17:42:30,440  INFO ClassPathXmlApplicationContext - 1 beans defined in application context [org.springframework.context.support.ClassPathXmlApplicationContext;hashCode=16316379]
17:42:30,440 DEBUG CollectionFactory - Creating java.util.LinkedHashMap
17:42:30,440  INFO ClassPathXmlApplicationContext - Unable to locate MessageSource with name 'messageSource': using default [org.springframework.context.support.DelegatingMessageSource@1bbd23f]
17:42:30,440  INFO ClassPathXmlApplicationContext - Unable to locate ApplicationEventMulticaster with name 'applicationEventMulticaster': using default [org.springframework.context.event.SimpleApplicationEventMulticaster@1e845c2]
17:42:30,440 DEBUG CollectionFactory - Creating java.util.LinkedHashMap
17:42:30,440  INFO DefaultListableBeanFactory - Pre-instantiating singletons in factory [org.springframework.beans.factory.support.DefaultListableBeanFactory defining beans [remoteService]; root of BeanFactory hierarchy]
17:42:30,440  INFO DefaultListableBeanFactory - Creating shared instance of singleton bean 'remoteService'
17:42:30,440 DEBUG DefaultListableBeanFactory - Creating instance of bean 'remoteService' with merged definition [Root bean with class [org.springframework.remoting.httpinvoker.HttpInvokerProxyFactoryBean] defined in class path resource [remoteService.xml]]
17:42:30,440 DEBUG DefaultListableBeanFactory - Invoking BeanPostProcessors before instantiaion of bean 'remoteService'
17:42:30,440 DEBUG CachedIntrospectionResults - Using cached introspection results for class [org.springframework.remoting.httpinvoker.HttpInvokerProxyFactoryBean]
17:42:30,440 DEBUG BeanWrapperImpl - About to invoke write method [public void org.springframework.remoting.support.UrlBasedRemoteAccessor.setServiceUrl(java.lang.String)] on object of class [org.springframework.remoting.httpinvoker.HttpInvokerProxyFactoryBean]
17:42:30,440 DEBUG BeanWrapperImpl - Invoked write method [public void org.springframework.remoting.support.UrlBasedRemoteAccessor.setServiceUrl(java.lang.String)] with value [http://localhost:8080/catissuecore/http/remoteService]
17:42:30,440 DEBUG BeanWrapperImpl - Converting String to [class java.lang.Class] using property editor [org.springframework.beans.propertyeditors.ClassEditor@3c0007]
17:42:30,440 DEBUG BeanWrapperImpl - About to invoke write method [public void org.springframework.remoting.support.RemoteAccessor.setServiceInterface(java.lang.Class)] on object of class [org.springframework.remoting.httpinvoker.HttpInvokerProxyFactoryBean]
17:42:30,440 DEBUG BeanWrapperImpl - Invoked write method [public void org.springframework.remoting.support.RemoteAccessor.setServiceInterface(java.lang.Class)] with value [interface gov.nih.nci.system.comm.common.ApplicationServiceProxy]
17:42:30,440 DEBUG DefaultListableBeanFactory - Invoking BeanPostProcessors before initialization of bean 'remoteService'
17:42:30,440 DEBUG DefaultListableBeanFactory - Invoking afterPropertiesSet() on bean with name 'remoteService'
17:42:30,440 DEBUG CollectionFactory - Creating java.util.IdentityHashMap
17:42:30,440 DEBUG ProxyFactory - Added new aspect interface: gov.nih.nci.system.comm.common.ApplicationServiceProxy
17:42:30,440 DEBUG JdkDynamicAopProxy - Creating JDK dynamic proxy
17:42:30,440 DEBUG DefaultListableBeanFactory - Invoking BeanPostProcessors after initialization of bean 'remoteService'
17:42:30,440 DEBUG DefaultListableBeanFactory - Calling code asked for FactoryBean instance for name 'remoteService'
17:42:30,440 DEBUG DefaultListableBeanFactory - Returning cached instance of singleton bean 'remoteService'
17:42:30,440 DEBUG DefaultListableBeanFactory - Bean with name 'remoteService' is a factory bean
17:42:30,440 DEBUG ClassPathXmlApplicationContext - Publishing event in context [org.springframework.context.support.ClassPathXmlApplicationContext;hashCode=16316379]: org.springframework.context.event.ContextRefreshedEvent[source=org.springframework.context.support.ClassPathXmlApplicationContext: display name [org.springframework.context.support.ClassPathXmlApplicationContext;hashCode=16316379]; startup date [Sat Oct 07 17:42:30 GMT+05:30 2006]; root of context hierarchy]
17:42:30,440 DEBUG DefaultListableBeanFactory - Returning cached instance of singleton bean 'remoteService'
17:42:30,440 DEBUG DefaultListableBeanFactory - Bean with name 'remoteService' is a factory bean
17:42:30,486 DEBUG SimpleHttpInvokerRequestExecutor - Sending HTTP invoker request for service at [http://localhost:8080/catissuecore/http/remoteService], with size 372
17:42:30,627 DEBUG SimpleHttpInvokerRequestExecutor - Sending HTTP invoker request for service at [http://localhost:8080/catissuecore/http/remoteService], with size 772
17:42:30,721 DEBUG SimpleHttpInvokerRequestExecutor - Sending HTTP invoker request for service at [http://localhost:8080/catissuecore/http/remoteService], with size 1162
17:42:30,955 DEBUG SimpleHttpInvokerRequestExecutor - Sending HTTP invoker request for service at [http://localhost:8080/catissuecore/http/remoteService], with size 970
17:42:31,033 DEBUG SimpleHttpInvokerRequestExecutor - Sending HTTP invoker request for service at [http://localhost:8080/catissuecore/http/remoteService], with size 661
17:42:31,096  INFO Institution -  Domain Object is successfully added ---->  Name:: inst1160223151033
17:42:31,096 DEBUG SimpleHttpInvokerRequestExecutor - Sending HTTP invoker request for service at [http://localhost:8080/catissuecore/http/remoteService], with size 658
17:42:31,190  INFO Department -  Domain Object is successfully added ----> Name:: dt1160223151096
17:42:31,190 DEBUG SimpleHttpInvokerRequestExecutor - Sending HTTP invoker request for service at [http://localhost:8080/catissuecore/http/remoteService], with size 668
17:42:31,252  INFO CancerResearchGroup -  Domain Object is successfully added ---->  Name:: crg1160223151190
17:42:31,268 DEBUG SimpleHttpInvokerRequestExecutor - Sending HTTP invoker request for service at [http://localhost:8080/catissuecore/http/remoteService], with size 2116
17:42:31,534  INFO User -  Domain Object is successfully added ---->  LoginName:: 22 ::  Name :: name1160223151268
17:42:31,534 DEBUG SimpleHttpInvokerRequestExecutor - Sending HTTP invoker request for service at [http://localhost:8080/catissuecore/http/remoteService], with size 3184
17:42:31,893  INFO Site -  Domain Object is successfully added ----> ID:: 15
17:42:31,893 DEBUG SimpleHttpInvokerRequestExecutor - Sending HTTP invoker request for service at [http://localhost:8080/catissuecore/http/remoteService], with size 808
17:42:31,971  INFO Biohazard -  Domain Object is successfully added ---->  Name:: bh1160223151893
17:42:31,987 DEBUG SimpleHttpInvokerRequestExecutor - Sending HTTP invoker request for service at [http://localhost:8080/catissuecore/http/remoteService], with size 4567
17:42:32,768  INFO CollectionProtocol -  Domain Object is successfully added ---->  ID:: 19
17:42:32,784 DEBUG SimpleHttpInvokerRequestExecutor - Sending HTTP invoker request for service at [http://localhost:8080/catissuecore/http/remoteService], with size 1473
17:42:32,940  INFO StorageType -  Domain Object is successfully added ---->  ID:: 23
17:42:32,940 DEBUG SimpleHttpInvokerRequestExecutor - Sending HTTP invoker request for service at [http://localhost:8080/catissuecore/http/remoteService], with size 5421
17:42:33,034  INFO CollectionProtocolRegistration -  Domain Object is successfully added ---->   ID:: 15
17:42:33,050 DEBUG SimpleHttpInvokerRequestExecutor - Sending HTTP invoker request for service at [http://localhost:8080/catissuecore/http/remoteService], with size 8191
17:42:47,194  INFO StorageContainer -  Domain Object is successfully added ---->    ID:: 6
17:59:40,252 ERROR ApplicationServiceProvider - Fatal Error in Initailizing Either Client or Server Implementation of Application Service
17:59:40,377  INFO XmlBeanDefinitionReader - Loading XML bean definitions from class path resource [remoteService.xml]
17:59:40,424 DEBUG XmlBeanDefinitionReader - Using JAXP implementation [org.apache.xerces.jaxp.DocumentBuilderFactoryImpl@b61fd1]
17:59:40,690 DEBUG ResourceEntityResolver - Trying to resolve XML entity with public ID [-//SPRING//DTD BEAN//EN] and system ID [http://www.springframework.org/dtd/spring-beans.dtd]
17:59:40,690 DEBUG ResourceEntityResolver - Trying to locate [spring-beans.dtd] under [/org/springframework/beans/factory/xml/]
17:59:40,706 DEBUG ResourceEntityResolver - Found beans DTD [http://www.springframework.org/dtd/spring-beans.dtd] in classpath
17:59:40,753 DEBUG DefaultXmlBeanDefinitionParser - Loading bean definitions
17:59:40,768 DEBUG DefaultXmlBeanDefinitionParser - Default lazy init 'false'
17:59:40,768 DEBUG DefaultXmlBeanDefinitionParser - Default dependency check 'none'
17:59:40,768 DEBUG DefaultXmlBeanDefinitionParser - Default autowire 'no'
17:59:40,784 DEBUG DefaultXmlBeanDefinitionParser - Found 1 <bean> elements defining beans
17:59:40,799  INFO ClassPathXmlApplicationContext - Bean factory for application context [org.springframework.context.support.ClassPathXmlApplicationContext;hashCode=30541453]: org.springframework.beans.factory.support.DefaultListableBeanFactory defining beans [remoteService]; root of BeanFactory hierarchy
17:59:40,799  INFO ClassPathXmlApplicationContext - 1 beans defined in application context [org.springframework.context.support.ClassPathXmlApplicationContext;hashCode=30541453]
17:59:40,799  INFO CollectionFactory - JDK 1.4+ collections available
17:59:40,799 DEBUG CollectionFactory - Creating java.util.LinkedHashMap
17:59:40,815  INFO ClassPathXmlApplicationContext - Unable to locate MessageSource with name 'messageSource': using default [org.springframework.context.support.DelegatingMessageSource@9df6f1]
17:59:40,815  INFO ClassPathXmlApplicationContext - Unable to locate ApplicationEventMulticaster with name 'applicationEventMulticaster': using default [org.springframework.context.event.SimpleApplicationEventMulticaster@b8bef7]
17:59:40,815 DEBUG CollectionFactory - Creating java.util.LinkedHashMap
17:59:40,815  INFO DefaultListableBeanFactory - Pre-instantiating singletons in factory [org.springframework.beans.factory.support.DefaultListableBeanFactory defining beans [remoteService]; root of BeanFactory hierarchy]
17:59:40,815  INFO DefaultListableBeanFactory - Creating shared instance of singleton bean 'remoteService'
17:59:40,815 DEBUG DefaultListableBeanFactory - Creating instance of bean 'remoteService' with merged definition [Root bean with class [org.springframework.remoting.httpinvoker.HttpInvokerProxyFactoryBean] defined in class path resource [remoteService.xml]]
17:59:40,815 DEBUG DefaultListableBeanFactory - Invoking BeanPostProcessors before instantiaion of bean 'remoteService'
17:59:40,862 DEBUG CachedIntrospectionResults - Getting BeanInfo for class [org.springframework.remoting.httpinvoker.HttpInvokerProxyFactoryBean]
17:59:40,862 DEBUG CachedIntrospectionResults - Caching PropertyDescriptors for class [org.springframework.remoting.httpinvoker.HttpInvokerProxyFactoryBean]
17:59:40,878 DEBUG CachedIntrospectionResults - Found property 'class' of type [java.lang.Class]
17:59:40,878 DEBUG CachedIntrospectionResults - Found property 'codebaseUrl' of type [java.lang.String]
17:59:40,878 DEBUG CachedIntrospectionResults - Found property 'httpInvokerRequestExecutor' of type [org.springframework.remoting.httpinvoker.HttpInvokerRequestExecutor]
17:59:40,878 DEBUG CachedIntrospectionResults - Found property 'object' of type [java.lang.Object]
17:59:40,878 DEBUG CachedIntrospectionResults - Found property 'objectType' of type [java.lang.Class]
17:59:40,878 DEBUG CachedIntrospectionResults - Found property 'remoteInvocationFactory' of type [org.springframework.remoting.support.RemoteInvocationFactory]
17:59:40,878 DEBUG CachedIntrospectionResults - Found property 'serviceInterface' of type [java.lang.Class]
17:59:40,878 DEBUG CachedIntrospectionResults - Found property 'serviceUrl' of type [java.lang.String]
17:59:40,878 DEBUG CachedIntrospectionResults - Found property 'singleton' of type [boolean]
17:59:40,878 DEBUG CachedIntrospectionResults - Class [org.springframework.remoting.httpinvoker.HttpInvokerProxyFactoryBean] is cache-safe
17:59:40,893 DEBUG BeanWrapperImpl - About to invoke write method [public void org.springframework.remoting.support.UrlBasedRemoteAccessor.setServiceUrl(java.lang.String)] on object of class [org.springframework.remoting.httpinvoker.HttpInvokerProxyFactoryBean]
17:59:40,893 DEBUG BeanWrapperImpl - Invoked write method [public void org.springframework.remoting.support.UrlBasedRemoteAccessor.setServiceUrl(java.lang.String)] with value [http://localhost:8080/catissuecore/http/remoteService]
17:59:40,893 DEBUG BeanWrapperImpl - Converting String to [class java.lang.Class] using property editor [org.springframework.beans.propertyeditors.ClassEditor@1b48197]
17:59:40,893 DEBUG BeanWrapperImpl - About to invoke write method [public void org.springframework.remoting.support.RemoteAccessor.setServiceInterface(java.lang.Class)] on object of class [org.springframework.remoting.httpinvoker.HttpInvokerProxyFactoryBean]
17:59:40,893 DEBUG BeanWrapperImpl - Invoked write method [public void org.springframework.remoting.support.RemoteAccessor.setServiceInterface(java.lang.Class)] with value [interface gov.nih.nci.system.comm.common.ApplicationServiceProxy]
17:59:40,893 DEBUG DefaultListableBeanFactory - Invoking BeanPostProcessors before initialization of bean 'remoteService'
17:59:40,893 DEBUG DefaultListableBeanFactory - Invoking afterPropertiesSet() on bean with name 'remoteService'
17:59:40,987  INFO DefaultAopProxyFactory - CGLIB2 available: proxyTargetClass feature enabled
17:59:40,987 DEBUG CollectionFactory - Creating java.util.IdentityHashMap
17:59:40,987 DEBUG ProxyFactory - Added new aspect interface: gov.nih.nci.system.comm.common.ApplicationServiceProxy
17:59:41,003 DEBUG JdkDynamicAopProxy - Creating JDK dynamic proxy
17:59:41,049 DEBUG DefaultListableBeanFactory - Invoking BeanPostProcessors after initialization of bean 'remoteService'
17:59:41,049 DEBUG DefaultListableBeanFactory - Calling code asked for FactoryBean instance for name 'remoteService'
17:59:41,049 DEBUG DefaultListableBeanFactory - Returning cached instance of singleton bean 'remoteService'
17:59:41,049 DEBUG DefaultListableBeanFactory - Bean with name 'remoteService' is a factory bean
17:59:41,065 DEBUG ClassPathXmlApplicationContext - Publishing event in context [org.springframework.context.support.ClassPathXmlApplicationContext;hashCode=30541453]: org.springframework.context.event.ContextRefreshedEvent[source=org.springframework.context.support.ClassPathXmlApplicationContext: display name [org.springframework.context.support.ClassPathXmlApplicationContext;hashCode=30541453]; startup date [Sat Oct 07 17:59:40 GMT+05:30 2006]; root of context hierarchy]
17:59:41,065 DEBUG DefaultListableBeanFactory - Returning cached instance of singleton bean 'remoteService'
17:59:41,065 DEBUG DefaultListableBeanFactory - Bean with name 'remoteService' is a factory bean
17:59:41,065  INFO XmlBeanDefinitionReader - Loading XML bean definitions from class path resource [remoteService.xml]
17:59:41,065 DEBUG XmlBeanDefinitionReader - Using JAXP implementation [org.apache.xerces.jaxp.DocumentBuilderFactoryImpl@a084f8]
17:59:41,081 DEBUG ResourceEntityResolver - Trying to resolve XML entity with public ID [-//SPRING//DTD BEAN//EN] and system ID [http://www.springframework.org/dtd/spring-beans.dtd]
17:59:41,081 DEBUG ResourceEntityResolver - Trying to locate [spring-beans.dtd] under [/org/springframework/beans/factory/xml/]
17:59:41,081 DEBUG ResourceEntityResolver - Found beans DTD [http://www.springframework.org/dtd/spring-beans.dtd] in classpath
17:59:41,096 DEBUG DefaultXmlBeanDefinitionParser - Loading bean definitions
17:59:41,096 DEBUG DefaultXmlBeanDefinitionParser - Default lazy init 'false'
17:59:41,096 DEBUG DefaultXmlBeanDefinitionParser - Default dependency check 'none'
17:59:41,096 DEBUG DefaultXmlBeanDefinitionParser - Default autowire 'no'
17:59:41,096 DEBUG DefaultXmlBeanDefinitionParser - Found 1 <bean> elements defining beans
17:59:41,096  INFO ClassPathXmlApplicationContext - Bean factory for application context [org.springframework.context.support.ClassPathXmlApplicationContext;hashCode=16316379]: org.springframework.beans.factory.support.DefaultListableBeanFactory defining beans [remoteService]; root of BeanFactory hierarchy
17:59:41,096  INFO ClassPathXmlApplicationContext - 1 beans defined in application context [org.springframework.context.support.ClassPathXmlApplicationContext;hashCode=16316379]
17:59:41,096 DEBUG CollectionFactory - Creating java.util.LinkedHashMap
17:59:41,096  INFO ClassPathXmlApplicationContext - Unable to locate MessageSource with name 'messageSource': using default [org.springframework.context.support.DelegatingMessageSource@1bbd23f]
17:59:41,096  INFO ClassPathXmlApplicationContext - Unable to locate ApplicationEventMulticaster with name 'applicationEventMulticaster': using default [org.springframework.context.event.SimpleApplicationEventMulticaster@1e845c2]
17:59:41,096 DEBUG CollectionFactory - Creating java.util.LinkedHashMap
17:59:41,096  INFO DefaultListableBeanFactory - Pre-instantiating singletons in factory [org.springframework.beans.factory.support.DefaultListableBeanFactory defining beans [remoteService]; root of BeanFactory hierarchy]
17:59:41,096  INFO DefaultListableBeanFactory - Creating shared instance of singleton bean 'remoteService'
17:59:41,096 DEBUG DefaultListableBeanFactory - Creating instance of bean 'remoteService' with merged definition [Root bean with class [org.springframework.remoting.httpinvoker.HttpInvokerProxyFactoryBean] defined in class path resource [remoteService.xml]]
17:59:41,096 DEBUG DefaultListableBeanFactory - Invoking BeanPostProcessors before instantiaion of bean 'remoteService'
17:59:41,112 DEBUG CachedIntrospectionResults - Using cached introspection results for class [org.springframework.remoting.httpinvoker.HttpInvokerProxyFactoryBean]
17:59:41,112 DEBUG BeanWrapperImpl - About to invoke write method [public void org.springframework.remoting.support.UrlBasedRemoteAccessor.setServiceUrl(java.lang.String)] on object of class [org.springframework.remoting.httpinvoker.HttpInvokerProxyFactoryBean]
17:59:41,112 DEBUG BeanWrapperImpl - Invoked write method [public void org.springframework.remoting.support.UrlBasedRemoteAccessor.setServiceUrl(java.lang.String)] with value [http://localhost:8080/catissuecore/http/remoteService]
17:59:41,112 DEBUG BeanWrapperImpl - Converting String to [class java.lang.Class] using property editor [org.springframework.beans.propertyeditors.ClassEditor@3c0007]
17:59:41,112 DEBUG BeanWrapperImpl - About to invoke write method [public void org.springframework.remoting.support.RemoteAccessor.setServiceInterface(java.lang.Class)] on object of class [org.springframework.remoting.httpinvoker.HttpInvokerProxyFactoryBean]
17:59:41,112 DEBUG BeanWrapperImpl - Invoked write method [public void org.springframework.remoting.support.RemoteAccessor.setServiceInterface(java.lang.Class)] with value [interface gov.nih.nci.system.comm.common.ApplicationServiceProxy]
17:59:41,112 DEBUG DefaultListableBeanFactory - Invoking BeanPostProcessors before initialization of bean 'remoteService'
17:59:41,112 DEBUG DefaultListableBeanFactory - Invoking afterPropertiesSet() on bean with name 'remoteService'
17:59:41,112 DEBUG CollectionFactory - Creating java.util.IdentityHashMap
17:59:41,112 DEBUG ProxyFactory - Added new aspect interface: gov.nih.nci.system.comm.common.ApplicationServiceProxy
17:59:41,112 DEBUG JdkDynamicAopProxy - Creating JDK dynamic proxy
17:59:41,112 DEBUG DefaultListableBeanFactory - Invoking BeanPostProcessors after initialization of bean 'remoteService'
17:59:41,112 DEBUG DefaultListableBeanFactory - Calling code asked for FactoryBean instance for name 'remoteService'
17:59:41,112 DEBUG DefaultListableBeanFactory - Returning cached instance of singleton bean 'remoteService'
17:59:41,112 DEBUG DefaultListableBeanFactory - Bean with name 'remoteService' is a factory bean
17:59:41,112 DEBUG ClassPathXmlApplicationContext - Publishing event in context [org.springframework.context.support.ClassPathXmlApplicationContext;hashCode=16316379]: org.springframework.context.event.ContextRefreshedEvent[source=org.springframework.context.support.ClassPathXmlApplicationContext: display name [org.springframework.context.support.ClassPathXmlApplicationContext;hashCode=16316379]; startup date [Sat Oct 07 17:59:41 GMT+05:30 2006]; root of context hierarchy]
17:59:41,112 DEBUG DefaultListableBeanFactory - Returning cached instance of singleton bean 'remoteService'
17:59:41,112 DEBUG DefaultListableBeanFactory - Bean with name 'remoteService' is a factory bean
17:59:41,174 DEBUG SimpleHttpInvokerRequestExecutor - Sending HTTP invoker request for service at [http://localhost:8080/catissuecore/http/remoteService], with size 372
17:59:41,503 DEBUG SimpleHttpInvokerRequestExecutor - Sending HTTP invoker request for service at [http://localhost:8080/catissuecore/http/remoteService], with size 772
17:59:41,612 DEBUG SimpleHttpInvokerRequestExecutor - Sending HTTP invoker request for service at [http://localhost:8080/catissuecore/http/remoteService], with size 1162
17:59:41,815 DEBUG SimpleHttpInvokerRequestExecutor - Sending HTTP invoker request for service at [http://localhost:8080/catissuecore/http/remoteService], with size 970
17:59:41,940 DEBUG SimpleHttpInvokerRequestExecutor - Sending HTTP invoker request for service at [http://localhost:8080/catissuecore/http/remoteService], with size 661
17:59:42,003  INFO Institution -  Domain Object is successfully added ---->  Name:: inst1160224181940
17:59:42,003 DEBUG SimpleHttpInvokerRequestExecutor - Sending HTTP invoker request for service at [http://localhost:8080/catissuecore/http/remoteService], with size 658
17:59:42,065  INFO Department -  Domain Object is successfully added ----> Name:: dt1160224182003
17:59:42,065 DEBUG SimpleHttpInvokerRequestExecutor - Sending HTTP invoker request for service at [http://localhost:8080/catissuecore/http/remoteService], with size 668
17:59:42,128  INFO CancerResearchGroup -  Domain Object is successfully added ---->  Name:: crg1160224182065
17:59:42,128 DEBUG SimpleHttpInvokerRequestExecutor - Sending HTTP invoker request for service at [http://localhost:8080/catissuecore/http/remoteService], with size 2116
18:00:03,461  INFO User -  Domain Object is successfully added ---->  LoginName:: 23 ::  Name :: name1160224182128
18:00:03,461 DEBUG SimpleHttpInvokerRequestExecutor - Sending HTTP invoker request for service at [http://localhost:8080/catissuecore/http/remoteService], with size 3184
18:00:04,289  INFO Site -  Domain Object is successfully added ----> ID:: 16
18:00:04,289 DEBUG SimpleHttpInvokerRequestExecutor - Sending HTTP invoker request for service at [http://localhost:8080/catissuecore/http/remoteService], with size 808
18:00:04,399  INFO Biohazard -  Domain Object is successfully added ---->  Name:: bh1160224204289
18:00:04,430 DEBUG SimpleHttpInvokerRequestExecutor - Sending HTTP invoker request for service at [http://localhost:8080/catissuecore/http/remoteService], with size 4567
18:00:06,540  INFO CollectionProtocol -  Domain Object is successfully added ---->  ID:: 20
18:00:06,540 DEBUG SimpleHttpInvokerRequestExecutor - Sending HTTP invoker request for service at [http://localhost:8080/catissuecore/http/remoteService], with size 1473
18:00:06,712  INFO StorageType -  Domain Object is successfully added ---->  ID:: 24
18:00:06,712 DEBUG SimpleHttpInvokerRequestExecutor - Sending HTTP invoker request for service at [http://localhost:8080/catissuecore/http/remoteService], with size 5421
18:00:06,853  INFO CollectionProtocolRegistration -  Domain Object is successfully added ---->   ID:: 16
18:00:06,868 DEBUG SimpleHttpInvokerRequestExecutor - Sending HTTP invoker request for service at [http://localhost:8080/catissuecore/http/remoteService], with size 8191
18:00:07,634  INFO StorageContainer -  Domain Object is successfully added ---->    ID:: 9
