Buildfile: build.xml

checkContribTasksDefined:

defineContribTasks:

setGlobus:

checkGlobus:
     [echo] Globus: /Users/williamstephens/ext/ws-core-4.0.3

defineClasspaths:

defineExtendedClasspaths:

runQuery:
     [echo] Connecting to service: https://localhost:8443/wsrf/services/cagrid/Catissue_cacore
     [java] Running the Grid Service Client
     [java] Identity =/O=caBIG/OU=caGrid/OU=Training/OU=Dorian/CN=wistephens
     [java] 21:35:20,830 WARN  [JavaUtils] Unable to find required classes (javax.activation.DataHandler and javax.mail.internet.MimeMultipart). Attachment support is disabled.
     [java] Running query: queries/Address.xml
     [java] CQL1 Results:
     [java] <ns1:CQLQueryResultCollection targetClassname="edu.wustl.catissuecore.domain.Address" xmlns:ns1="http://CQL.caBIG/1/gov.nih.nci.cagrid.CQLResultSet">
     [java]  <ns1:ObjectResult>
     [java]   <address xmlns="">
     [java]    <object-id>edu.wustl.catissuecore.domain.Address_1</object-id>
     [java]    <message-label/>
     [java]    <id>1</id>
     [java]   </address>
     [java]  </ns1:ObjectResult>
     [java]  <ns1:ObjectResult>
     [java]   <address xmlns="">
     [java]    <zip-code>43210</zip-code>
     [java]    <phone-number/>
     [java]    <fax-number/>
     [java]    <state>Ohio</state>
     [java]    <city>Columbus</city>
     [java]    <country>United States</country>
     [java]    <street/>
     [java]    <object-id>edu.wustl.catissuecore.domain.Address_2</object-id>
     [java]    <message-label/>
     [java]    <id>2</id>
     [java]   </address>
     [java]  </ns1:ObjectResult>
     [java] </ns1:CQLQueryResultCollection>
     [java] 

BUILD SUCCESSFUL
Total time: 4 seconds
