Buildfile: build.xml

checkContribTasksDefined:

defineContribTasks:

setGlobus:

checkGlobus:
     [echo] Globus: /Users/williamstephens/ext/ws-core-4.0.3

defineClasspaths:

defineExtendedClasspaths:

runQuery:
     [echo] Connecting to service: https://localhost:8443/wsrf/services/cagrid/Catissue_cacore
     [java] Running the Grid Service Client
     [java] Identity =/O=caBIG/OU=caGrid/OU=Training/OU=Dorian/CN=wistephens
     [java] 21:38:23,984 WARN  [JavaUtils] Unable to find required classes (javax.activation.DataHandler and javax.mail.internet.MimeMultipart). Attachment support is disabled.
     [java] Running query: queries/DisposalEventParameters.xml
     [java] CQL1 Results:
     [java] <ns1:CQLQueryResultCollection targetClassname="edu.wustl.catissuecore.domain.DisposalEventParameters" xmlns:ns1="http://CQL.caBIG/1/gov.nih.nci.cagrid.CQLResultSet"/>
     [java] 
     [java] 

BUILD SUCCESSFUL
Total time: 4 seconds
