Buildfile: build.xml

checkContribTasksDefined:

defineContribTasks:

setGlobus:

checkGlobus:
     [echo] Globus: /Users/williamstephens/ext/ws-core-4.0.3

defineClasspaths:

defineExtendedClasspaths:

runQuery:
     [echo] Connecting to service: https://localhost:8443/wsrf/services/cagrid/Catissue_cacore
     [java] Running the Grid Service Client
     [java] Identity =/O=caBIG/OU=caGrid/OU=Training/OU=Dorian/CN=wistephens
     [java] 21:41:10,693 WARN  [JavaUtils] Unable to find required classes (javax.activation.DataHandler and javax.mail.internet.MimeMultipart). Attachment support is disabled.
     [java] Running query: queries/InstitutionDistinctId.xml
     [java] CQL1 Results:
     [java] <ns1:CQLQueryResultCollection targetClassname="edu.wustl.catissuecore.domain.Institution" xmlns:ns1="http://CQL.caBIG/1/gov.nih.nci.cagrid.CQLResultSet">
     [java]  <ns1:AttributeResult>
     [java]   <ns1:Attribute name="id" value="1"/>
     [java]  </ns1:AttributeResult>
     [java] </ns1:CQLQueryResultCollection>
     [java] 

BUILD SUCCESSFUL
Total time: 3 seconds
