Buildfile: build.xml

checkContribTasksDefined:

defineContribTasks:

setGlobus:

checkGlobus:
     [echo] Globus: /Users/williamstephens/ext/ws-core-4.0.3

defineClasspaths:

defineExtendedClasspaths:

runQuery:
     [echo] Connecting to service: https://localhost:8443/wsrf/services/cagrid/Catissue_cacore
     [java] Running the Grid Service Client
     [java] Identity =/O=caBIG/OU=caGrid/OU=Training/OU=Dorian/CN=wistephens
     [java] 21:45:19,552 WARN  [JavaUtils] Unable to find required classes (javax.activation.DataHandler and javax.mail.internet.MimeMultipart). Attachment support is disabled.
     [java] Running query: queries/Site.xml
     [java] Deserialization failed. Caused by org.xml.sax.SAXException: Invalid element in gov.nih.nci.cagrid.cqlquery.CQLQuery - Attribute
     [java] 	at org.apache.axis.encoding.ser.BeanDeserializer.onStartChild(BeanDeserializer.java:223)
     [java] 	at org.apache.axis.encoding.DeserializationContext.startElement(DeserializationContext.java:1035)
     [java] 	at org.apache.xerces.parsers.AbstractSAXParser.startElement(Unknown Source)
     [java] 	at org.apache.xerces.parsers.AbstractXMLDocumentParser.emptyElement(Unknown Source)
     [java] 	at org.apache.xerces.impl.XMLNSDocumentScannerImpl.scanStartElement(Unknown Source)
     [java] 	at org.apache.xerces.impl.XMLDocumentFragmentScannerImpl$FragmentContentDispatcher.dispatch(Unknown Source)
     [java] 	at org.apache.xerces.impl.XMLDocumentFragmentScannerImpl.scanDocument(Unknown Source)
     [java] 	at org.apache.xerces.parsers.XML11Configuration.parse(Unknown Source)
     [java] 	at org.apache.xerces.parsers.XML11Configuration.parse(Unknown Source)
     [java] 	at org.apache.xerces.parsers.XMLParser.parse(Unknown Source)
     [java] 	at org.apache.xerces.parsers.AbstractSAXParser.parse(Unknown Source)
     [java] 	at org.apache.xerces.jaxp.SAXParserImpl$JAXPSAXParser.parse(Unknown Source)
     [java] 	at org.apache.xerces.jaxp.SAXParserImpl.parse(Unknown Source)
     [java] 	at org.apache.axis.encoding.DeserializationContext.parse(DeserializationContext.java:227)
     [java] 	at org.globus.wsrf.encoding.ObjectDeserializer.toObject(ObjectDeserializer.java:59)
     [java] 	at gov.nih.nci.cagrid.common.Utils.deserializeDocument(Utils.java:160)
     [java] 	at edu.wustl.catissuecore.domain.client.Catissue_cacoreClient.main(Catissue_cacoreClient.java:106)

BUILD SUCCESSFUL
Total time: 2 seconds
