Buildfile: build.xml

checkContribTasksDefined:

defineContribTasks:

setGlobus:

checkGlobus:
     [echo] Globus: /Users/williamstephens/ext/ws-core-4.0.3

defineClasspaths:

defineExtendedClasspaths:

runQuery:
     [echo] Connecting to service: https://localhost:8443/wsrf/services/cagrid/Catissue_cacore
     [java] Running the Grid Service Client
     [java] Identity =/O=caBIG/OU=caGrid/OU=Training/OU=Dorian/CN=wistephens
     [java] 21:47:17,761 WARN  [JavaUtils] Unable to find required classes (javax.activation.DataHandler and javax.mail.internet.MimeMultipart). Attachment support is disabled.
     [java] Running query: queries/StorageType.xml
     [java] CQL1 Results:
     [java] <ns1:CQLQueryResultCollection targetClassname="edu.wustl.catissuecore.domain.StorageType" xmlns:ns1="http://CQL.caBIG/1/gov.nih.nci.cagrid.CQLResultSet">
     [java]  <ns1:ObjectResult>
     [java]   <storage-type xmlns="">
     [java]    <holds-specimen-class-collection xsi:type="java:java.lang.String" xmlns:xsi="http://www.w3.org/2001/XMLSchema-instance">Cell</holds-specimen-class-collection>
     [java]    <holds-specimen-class-collection xsi:type="java:java.lang.String" xmlns:xsi="http://www.w3.org/2001/XMLSchema-instance">Tissue</holds-specimen-class-collection>
     [java]    <holds-specimen-class-collection xsi:type="java:java.lang.String" xmlns:xsi="http://www.w3.org/2001/XMLSchema-instance">Molecular</holds-specimen-class-collection>
     [java]    <holds-specimen-class-collection xsi:type="java:java.lang.String" xmlns:xsi="http://www.w3.org/2001/XMLSchema-instance">Fluid</holds-specimen-class-collection>
     [java]    <default-temperature-in-centigrade>-80.0</default-temperature-in-centigrade>
     [java]    <holds-storage-type-collection xsi:type="java:edu.wustl.catissuecore.domain.StorageType" xmlns:xsi="http://www.w3.org/2001/XMLSchema-instance">
     [java]     <name>All</name>
     [java]     <activity-status>Disabled</activity-status>
     [java]     <object-id>edu.wustl.catissuecore.domain.StorageType_1</object-id>
     [java]     <message-label/>
     [java]     <id>1</id>
     [java]    </holds-storage-type-collection>
     [java]    <two-dimension-label>Y</two-dimension-label>
     [java]    <capacity>
     [java]     <two-dimension-capacity>1</two-dimension-capacity>
     [java]     <one-dimension-capacity>100</one-dimension-capacity>
     [java]     <object-id>edu.wustl.catissuecore.domain.Capacity_1</object-id>
     [java]     <message-label/>
     [java]     <id>1</id>
     [java]    </capacity>
     [java]    <name>Shipment Container</name>
     [java]    <one-dimension-label>X</one-dimension-label>
     [java]    <activity-status>Active</activity-status>
     [java]    <object-id>edu.wustl.catissuecore.domain.StorageType_3</object-id>
     [java]    <message-label/>
     [java]    <id>3</id>
     [java]   </storage-type>
     [java]  </ns1:ObjectResult>
     [java] </ns1:CQLQueryResultCollection>
     [java] 

BUILD SUCCESSFUL
Total time: 3 seconds
