17:22:30,619 ERROR ApplicationServiceProvider:? - Fatal Error in Initailizing Either Client or Server Implementation of Application Service
17:22:30,775  INFO XmlBeanDefinitionReader:132 - Loading XML bean definitions from class path resource [remoteService.xml]
17:22:30,853 DEBUG XmlBeanDefinitionReader:136 - Using JAXP implementation [org.apache.xerces.jaxp.DocumentBuilderFactoryImpl@913750]
17:22:31,275 DEBUG ResourceEntityResolver:52 - Trying to resolve XML entity with public ID [-//SPRING//DTD BEAN//EN] and system ID [http://www.springframework.org/dtd/spring-beans.dtd]
17:22:31,275 DEBUG ResourceEntityResolver:58 - Trying to locate [spring-beans.dtd] under [/org/springframework/beans/factory/xml/]
17:22:31,275 DEBUG ResourceEntityResolver:66 - Found beans DTD [http://www.springframework.org/dtd/spring-beans.dtd] in classpath
17:22:31,338 DEBUG DefaultXmlBeanDefinitionParser:172 - Loading bean definitions
17:22:31,369 DEBUG DefaultXmlBeanDefinitionParser:179 - Default lazy init 'false'
17:22:31,369 DEBUG DefaultXmlBeanDefinitionParser:180 - Default dependency check 'none'
17:22:31,369 DEBUG DefaultXmlBeanDefinitionParser:181 - Default autowire 'no'
17:22:31,400 DEBUG DefaultXmlBeanDefinitionParser:186 - Found 1 <bean> elements defining beans
17:22:31,400  INFO ClassPathXmlApplicationContext:90 - Bean factory for application context [org.springframework.context.support.ClassPathXmlApplicationContext;hashCode=28064776]: org.springframework.beans.factory.support.DefaultListableBeanFactory defining beans [remoteService]; root of BeanFactory hierarchy
17:22:31,400  INFO ClassPathXmlApplicationContext:287 - 1 beans defined in application context [org.springframework.context.support.ClassPathXmlApplicationContext;hashCode=28064776]
17:22:31,416  INFO CollectionFactory:61 - JDK 1.4+ collections available
17:22:31,416 DEBUG CollectionFactory:108 - Creating java.util.LinkedHashMap
17:22:31,416  INFO ClassPathXmlApplicationContext:411 - Unable to locate MessageSource with name 'messageSource': using default [org.springframework.context.support.DelegatingMessageSource@1c39a2d]
17:22:31,416  INFO ClassPathXmlApplicationContext:433 - Unable to locate ApplicationEventMulticaster with name 'applicationEventMulticaster': using default [org.springframework.context.event.SimpleApplicationEventMulticaster@13bad12]
17:22:31,416 DEBUG CollectionFactory:108 - Creating java.util.LinkedHashMap
17:22:31,416  INFO DefaultListableBeanFactory:262 - Pre-instantiating singletons in factory [org.springframework.beans.factory.support.DefaultListableBeanFactory defining beans [remoteService]; root of BeanFactory hierarchy]
17:22:31,431  INFO DefaultListableBeanFactory:218 - Creating shared instance of singleton bean 'remoteService'
17:22:31,431 DEBUG DefaultListableBeanFactory:264 - Creating instance of bean 'remoteService' with merged definition [Root bean with class [org.springframework.remoting.httpinvoker.HttpInvokerProxyFactoryBean] defined in class path resource [remoteService.xml]]
17:22:31,431 DEBUG DefaultListableBeanFactory:192 - Invoking BeanPostProcessors before instantiaion of bean 'remoteService'
17:22:31,525 DEBUG CachedIntrospectionResults:138 - Getting BeanInfo for class [org.springframework.remoting.httpinvoker.HttpInvokerProxyFactoryBean]
17:22:31,541 DEBUG CachedIntrospectionResults:154 - Caching PropertyDescriptors for class [org.springframework.remoting.httpinvoker.HttpInvokerProxyFactoryBean]
17:22:31,541 DEBUG CachedIntrospectionResults:162 - Found property 'class' of type [java.lang.Class]
17:22:31,541 DEBUG CachedIntrospectionResults:162 - Found property 'codebaseUrl' of type [java.lang.String]
17:22:31,541 DEBUG CachedIntrospectionResults:162 - Found property 'httpInvokerRequestExecutor' of type [org.springframework.remoting.httpinvoker.HttpInvokerRequestExecutor]
17:22:31,541 DEBUG CachedIntrospectionResults:162 - Found property 'object' of type [java.lang.Object]
17:22:31,541 DEBUG CachedIntrospectionResults:162 - Found property 'objectType' of type [java.lang.Class]
17:22:31,556 DEBUG CachedIntrospectionResults:162 - Found property 'remoteInvocationFactory' of type [org.springframework.remoting.support.RemoteInvocationFactory]
17:22:31,556 DEBUG CachedIntrospectionResults:162 - Found property 'serviceInterface' of type [java.lang.Class]
17:22:31,556 DEBUG CachedIntrospectionResults:162 - Found property 'serviceUrl' of type [java.lang.String]
17:22:31,556 DEBUG CachedIntrospectionResults:162 - Found property 'singleton' of type [boolean]
17:22:31,556 DEBUG CachedIntrospectionResults:85 - Class [org.springframework.remoting.httpinvoker.HttpInvokerProxyFactoryBean] is cache-safe
17:22:31,572 DEBUG BeanWrapperImpl:811 - About to invoke write method [public void org.springframework.remoting.support.UrlBasedRemoteAccessor.setServiceUrl(java.lang.String)] on object of class [org.springframework.remoting.httpinvoker.HttpInvokerProxyFactoryBean]
17:22:31,572 DEBUG BeanWrapperImpl:819 - Invoked write method [public void org.springframework.remoting.support.UrlBasedRemoteAccessor.setServiceUrl(java.lang.String)] with value [http://{host}/catissuecore/http/remoteService]
17:22:31,572 DEBUG BeanWrapperImpl:984 - Converting String to [class java.lang.Class] using property editor [org.springframework.beans.propertyeditors.ClassEditor@922804]
17:22:31,572 DEBUG BeanWrapperImpl:811 - About to invoke write method [public void org.springframework.remoting.support.RemoteAccessor.setServiceInterface(java.lang.Class)] on object of class [org.springframework.remoting.httpinvoker.HttpInvokerProxyFactoryBean]
17:22:31,572 DEBUG BeanWrapperImpl:819 - Invoked write method [public void org.springframework.remoting.support.RemoteAccessor.setServiceInterface(java.lang.Class)] with value [interface gov.nih.nci.system.comm.common.ApplicationServiceProxy]
17:22:31,572 DEBUG DefaultListableBeanFactory:211 - Invoking BeanPostProcessors before initialization of bean 'remoteService'
17:22:31,572 DEBUG DefaultListableBeanFactory:935 - Invoking afterPropertiesSet() on bean with name 'remoteService'
17:22:31,713  INFO DefaultAopProxyFactory:59 - CGLIB2 available: proxyTargetClass feature enabled
17:22:31,713 DEBUG CollectionFactory:156 - Creating java.util.IdentityHashMap
17:22:31,728 DEBUG ProxyFactory:215 - Added new aspect interface: gov.nih.nci.system.comm.common.ApplicationServiceProxy
17:22:31,744 DEBUG JdkDynamicAopProxy:98 - Creating JDK dynamic proxy
17:22:31,791 DEBUG DefaultListableBeanFactory:230 - Invoking BeanPostProcessors after initialization of bean 'remoteService'
17:22:31,791 DEBUG DefaultListableBeanFactory:772 - Calling code asked for FactoryBean instance for name 'remoteService'
17:22:31,791 DEBUG DefaultListableBeanFactory:185 - Returning cached instance of singleton bean 'remoteService'
17:22:31,791 DEBUG DefaultListableBeanFactory:755 - Bean with name 'remoteService' is a factory bean
17:22:31,806 DEBUG ClassPathXmlApplicationContext:214 - Publishing event in context [org.springframework.context.support.ClassPathXmlApplicationContext;hashCode=28064776]: org.springframework.context.event.ContextRefreshedEvent[source=org.springframework.context.support.ClassPathXmlApplicationContext: display name [org.springframework.context.support.ClassPathXmlApplicationContext;hashCode=28064776]; startup date [Wed Mar 28 17:22:30 GMT+05:30 2007]; root of context hierarchy]
17:22:31,806 DEBUG DefaultListableBeanFactory:185 - Returning cached instance of singleton bean 'remoteService'
17:22:31,806 DEBUG DefaultListableBeanFactory:755 - Bean with name 'remoteService' is a factory bean
17:22:31,822  INFO XmlBeanDefinitionReader:132 - Loading XML bean definitions from class path resource [remoteService.xml]
17:22:31,822 DEBUG XmlBeanDefinitionReader:136 - Using JAXP implementation [org.apache.xerces.jaxp.DocumentBuilderFactoryImpl@161f10f]
17:22:31,822 DEBUG ResourceEntityResolver:52 - Trying to resolve XML entity with public ID [-//SPRING//DTD BEAN//EN] and system ID [http://www.springframework.org/dtd/spring-beans.dtd]
17:22:31,822 DEBUG ResourceEntityResolver:58 - Trying to locate [spring-beans.dtd] under [/org/springframework/beans/factory/xml/]
17:22:31,838 DEBUG ResourceEntityResolver:66 - Found beans DTD [http://www.springframework.org/dtd/spring-beans.dtd] in classpath
17:22:31,853 DEBUG DefaultXmlBeanDefinitionParser:172 - Loading bean definitions
17:22:31,853 DEBUG DefaultXmlBeanDefinitionParser:179 - Default lazy init 'false'
17:22:31,853 DEBUG DefaultXmlBeanDefinitionParser:180 - Default dependency check 'none'
17:22:31,853 DEBUG DefaultXmlBeanDefinitionParser:181 - Default autowire 'no'
17:22:31,853 DEBUG DefaultXmlBeanDefinitionParser:186 - Found 1 <bean> elements defining beans
17:22:31,853  INFO ClassPathXmlApplicationContext:90 - Bean factory for application context [org.springframework.context.support.ClassPathXmlApplicationContext;hashCode=19327071]: org.springframework.beans.factory.support.DefaultListableBeanFactory defining beans [remoteService]; root of BeanFactory hierarchy
17:22:31,853  INFO ClassPathXmlApplicationContext:287 - 1 beans defined in application context [org.springframework.context.support.ClassPathXmlApplicationContext;hashCode=19327071]
17:22:31,853 DEBUG CollectionFactory:108 - Creating java.util.LinkedHashMap
17:22:31,853  INFO ClassPathXmlApplicationContext:411 - Unable to locate MessageSource with name 'messageSource': using default [org.springframework.context.support.DelegatingMessageSource@77158a]
17:22:31,853  INFO ClassPathXmlApplicationContext:433 - Unable to locate ApplicationEventMulticaster with name 'applicationEventMulticaster': using default [org.springframework.context.event.SimpleApplicationEventMulticaster@27391d]
17:22:31,853 DEBUG CollectionFactory:108 - Creating java.util.LinkedHashMap
17:22:31,853  INFO DefaultListableBeanFactory:262 - Pre-instantiating singletons in factory [org.springframework.beans.factory.support.DefaultListableBeanFactory defining beans [remoteService]; root of BeanFactory hierarchy]
17:22:31,853  INFO DefaultListableBeanFactory:218 - Creating shared instance of singleton bean 'remoteService'
17:22:31,853 DEBUG DefaultListableBeanFactory:264 - Creating instance of bean 'remoteService' with merged definition [Root bean with class [org.springframework.remoting.httpinvoker.HttpInvokerProxyFactoryBean] defined in class path resource [remoteService.xml]]
17:22:31,853 DEBUG DefaultListableBeanFactory:192 - Invoking BeanPostProcessors before instantiaion of bean 'remoteService'
17:22:31,853 DEBUG CachedIntrospectionResults:96 - Using cached introspection results for class [org.springframework.remoting.httpinvoker.HttpInvokerProxyFactoryBean]
17:22:31,853 DEBUG BeanWrapperImpl:811 - About to invoke write method [public void org.springframework.remoting.support.UrlBasedRemoteAccessor.setServiceUrl(java.lang.String)] on object of class [org.springframework.remoting.httpinvoker.HttpInvokerProxyFactoryBean]
17:22:31,853 DEBUG BeanWrapperImpl:819 - Invoked write method [public void org.springframework.remoting.support.UrlBasedRemoteAccessor.setServiceUrl(java.lang.String)] with value [http://{host}/catissuecore/http/remoteService]
17:22:31,853 DEBUG BeanWrapperImpl:984 - Converting String to [class java.lang.Class] using property editor [org.springframework.beans.propertyeditors.ClassEditor@116ab4e]
17:22:31,869 DEBUG BeanWrapperImpl:811 - About to invoke write method [public void org.springframework.remoting.support.RemoteAccessor.setServiceInterface(java.lang.Class)] on object of class [org.springframework.remoting.httpinvoker.HttpInvokerProxyFactoryBean]
17:22:31,869 DEBUG BeanWrapperImpl:819 - Invoked write method [public void org.springframework.remoting.support.RemoteAccessor.setServiceInterface(java.lang.Class)] with value [interface gov.nih.nci.system.comm.common.ApplicationServiceProxy]
17:22:31,869 DEBUG DefaultListableBeanFactory:211 - Invoking BeanPostProcessors before initialization of bean 'remoteService'
17:22:31,869 DEBUG DefaultListableBeanFactory:935 - Invoking afterPropertiesSet() on bean with name 'remoteService'
17:22:31,869 DEBUG CollectionFactory:156 - Creating java.util.IdentityHashMap
17:22:31,869 DEBUG ProxyFactory:215 - Added new aspect interface: gov.nih.nci.system.comm.common.ApplicationServiceProxy
17:22:31,869 DEBUG JdkDynamicAopProxy:98 - Creating JDK dynamic proxy
17:22:31,869 DEBUG DefaultListableBeanFactory:230 - Invoking BeanPostProcessors after initialization of bean 'remoteService'
17:22:31,869 DEBUG DefaultListableBeanFactory:772 - Calling code asked for FactoryBean instance for name 'remoteService'
17:22:31,869 DEBUG DefaultListableBeanFactory:185 - Returning cached instance of singleton bean 'remoteService'
17:22:31,869 DEBUG DefaultListableBeanFactory:755 - Bean with name 'remoteService' is a factory bean
17:22:31,869 DEBUG ClassPathXmlApplicationContext:214 - Publishing event in context [org.springframework.context.support.ClassPathXmlApplicationContext;hashCode=19327071]: org.springframework.context.event.ContextRefreshedEvent[source=org.springframework.context.support.ClassPathXmlApplicationContext: display name [org.springframework.context.support.ClassPathXmlApplicationContext;hashCode=19327071]; startup date [Wed Mar 28 17:22:31 GMT+05:30 2007]; root of context hierarchy]
17:22:31,869 DEBUG DefaultListableBeanFactory:185 - Returning cached instance of singleton bean 'remoteService'
17:22:31,869 DEBUG DefaultListableBeanFactory:755 - Bean with name 'remoteService' is a factory bean
17:22:31,978 DEBUG SimpleHttpInvokerRequestExecutor:65 - Sending HTTP invoker request for service at [http://{host}/catissuecore/http/remoteService], with size 373
17:24:16,261 ERROR ApplicationServiceProvider:? - Fatal Error in Initailizing Either Client or Server Implementation of Application Service
17:24:16,386  INFO XmlBeanDefinitionReader:132 - Loading XML bean definitions from class path resource [remoteService.xml]
17:24:16,464 DEBUG XmlBeanDefinitionReader:136 - Using JAXP implementation [org.apache.xerces.jaxp.DocumentBuilderFactoryImpl@913750]
17:24:16,777 DEBUG ResourceEntityResolver:52 - Trying to resolve XML entity with public ID [-//SPRING//DTD BEAN//EN] and system ID [http://www.springframework.org/dtd/spring-beans.dtd]
17:24:16,777 DEBUG ResourceEntityResolver:58 - Trying to locate [spring-beans.dtd] under [/org/springframework/beans/factory/xml/]
17:24:16,792 DEBUG ResourceEntityResolver:66 - Found beans DTD [http://www.springframework.org/dtd/spring-beans.dtd] in classpath
17:24:16,855 DEBUG DefaultXmlBeanDefinitionParser:172 - Loading bean definitions
17:24:16,871 DEBUG DefaultXmlBeanDefinitionParser:179 - Default lazy init 'false'
17:24:16,871 DEBUG DefaultXmlBeanDefinitionParser:180 - Default dependency check 'none'
17:24:16,871 DEBUG DefaultXmlBeanDefinitionParser:181 - Default autowire 'no'
17:24:16,902 DEBUG DefaultXmlBeanDefinitionParser:186 - Found 1 <bean> elements defining beans
17:24:16,917  INFO ClassPathXmlApplicationContext:90 - Bean factory for application context [org.springframework.context.support.ClassPathXmlApplicationContext;hashCode=28064776]: org.springframework.beans.factory.support.DefaultListableBeanFactory defining beans [remoteService]; root of BeanFactory hierarchy
17:24:16,917  INFO ClassPathXmlApplicationContext:287 - 1 beans defined in application context [org.springframework.context.support.ClassPathXmlApplicationContext;hashCode=28064776]
17:24:16,917  INFO CollectionFactory:61 - JDK 1.4+ collections available
17:24:16,933 DEBUG CollectionFactory:108 - Creating java.util.LinkedHashMap
17:24:16,933  INFO ClassPathXmlApplicationContext:411 - Unable to locate MessageSource with name 'messageSource': using default [org.springframework.context.support.DelegatingMessageSource@1c39a2d]
17:24:16,933  INFO ClassPathXmlApplicationContext:433 - Unable to locate ApplicationEventMulticaster with name 'applicationEventMulticaster': using default [org.springframework.context.event.SimpleApplicationEventMulticaster@13bad12]
17:24:16,933 DEBUG CollectionFactory:108 - Creating java.util.LinkedHashMap
17:24:16,933  INFO DefaultListableBeanFactory:262 - Pre-instantiating singletons in factory [org.springframework.beans.factory.support.DefaultListableBeanFactory defining beans [remoteService]; root of BeanFactory hierarchy]
17:24:16,933  INFO DefaultListableBeanFactory:218 - Creating shared instance of singleton bean 'remoteService'
17:24:16,933 DEBUG DefaultListableBeanFactory:264 - Creating instance of bean 'remoteService' with merged definition [Root bean with class [org.springframework.remoting.httpinvoker.HttpInvokerProxyFactoryBean] defined in class path resource [remoteService.xml]]
17:24:16,949 DEBUG DefaultListableBeanFactory:192 - Invoking BeanPostProcessors before instantiaion of bean 'remoteService'
17:24:16,980 DEBUG CachedIntrospectionResults:138 - Getting BeanInfo for class [org.springframework.remoting.httpinvoker.HttpInvokerProxyFactoryBean]
17:24:16,996 DEBUG CachedIntrospectionResults:154 - Caching PropertyDescriptors for class [org.springframework.remoting.httpinvoker.HttpInvokerProxyFactoryBean]
17:24:16,996 DEBUG CachedIntrospectionResults:162 - Found property 'class' of type [java.lang.Class]
17:24:17,011 DEBUG CachedIntrospectionResults:162 - Found property 'codebaseUrl' of type [java.lang.String]
17:24:17,011 DEBUG CachedIntrospectionResults:162 - Found property 'httpInvokerRequestExecutor' of type [org.springframework.remoting.httpinvoker.HttpInvokerRequestExecutor]
17:24:17,011 DEBUG CachedIntrospectionResults:162 - Found property 'object' of type [java.lang.Object]
17:24:17,011 DEBUG CachedIntrospectionResults:162 - Found property 'objectType' of type [java.lang.Class]
17:24:17,011 DEBUG CachedIntrospectionResults:162 - Found property 'remoteInvocationFactory' of type [org.springframework.remoting.support.RemoteInvocationFactory]
17:24:17,011 DEBUG CachedIntrospectionResults:162 - Found property 'serviceInterface' of type [java.lang.Class]
17:24:17,011 DEBUG CachedIntrospectionResults:162 - Found property 'serviceUrl' of type [java.lang.String]
17:24:17,011 DEBUG CachedIntrospectionResults:162 - Found property 'singleton' of type [boolean]
17:24:17,011 DEBUG CachedIntrospectionResults:85 - Class [org.springframework.remoting.httpinvoker.HttpInvokerProxyFactoryBean] is cache-safe
17:24:17,027 DEBUG BeanWrapperImpl:811 - About to invoke write method [public void org.springframework.remoting.support.UrlBasedRemoteAccessor.setServiceUrl(java.lang.String)] on object of class [org.springframework.remoting.httpinvoker.HttpInvokerProxyFactoryBean]
17:24:17,027 DEBUG BeanWrapperImpl:819 - Invoked write method [public void org.springframework.remoting.support.UrlBasedRemoteAccessor.setServiceUrl(java.lang.String)] with value [http://localhost:28080/catissuecore/http/remoteService]
17:24:17,027 DEBUG BeanWrapperImpl:984 - Converting String to [class java.lang.Class] using property editor [org.springframework.beans.propertyeditors.ClassEditor@922804]
17:24:17,027 DEBUG BeanWrapperImpl:811 - About to invoke write method [public void org.springframework.remoting.support.RemoteAccessor.setServiceInterface(java.lang.Class)] on object of class [org.springframework.remoting.httpinvoker.HttpInvokerProxyFactoryBean]
17:24:17,027 DEBUG BeanWrapperImpl:819 - Invoked write method [public void org.springframework.remoting.support.RemoteAccessor.setServiceInterface(java.lang.Class)] with value [interface gov.nih.nci.system.comm.common.ApplicationServiceProxy]
17:24:17,027 DEBUG DefaultListableBeanFactory:211 - Invoking BeanPostProcessors before initialization of bean 'remoteService'
17:24:17,027 DEBUG DefaultListableBeanFactory:935 - Invoking afterPropertiesSet() on bean with name 'remoteService'
17:24:17,167  INFO DefaultAopProxyFactory:59 - CGLIB2 available: proxyTargetClass feature enabled
17:24:17,167 DEBUG CollectionFactory:156 - Creating java.util.IdentityHashMap
17:24:17,167 DEBUG ProxyFactory:215 - Added new aspect interface: gov.nih.nci.system.comm.common.ApplicationServiceProxy
17:24:17,183 DEBUG JdkDynamicAopProxy:98 - Creating JDK dynamic proxy
17:24:17,230 DEBUG DefaultListableBeanFactory:230 - Invoking BeanPostProcessors after initialization of bean 'remoteService'
17:24:17,230 DEBUG DefaultListableBeanFactory:772 - Calling code asked for FactoryBean instance for name 'remoteService'
17:24:17,230 DEBUG DefaultListableBeanFactory:185 - Returning cached instance of singleton bean 'remoteService'
17:24:17,230 DEBUG DefaultListableBeanFactory:755 - Bean with name 'remoteService' is a factory bean
17:24:17,246 DEBUG ClassPathXmlApplicationContext:214 - Publishing event in context [org.springframework.context.support.ClassPathXmlApplicationContext;hashCode=28064776]: org.springframework.context.event.ContextRefreshedEvent[source=org.springframework.context.support.ClassPathXmlApplicationContext: display name [org.springframework.context.support.ClassPathXmlApplicationContext;hashCode=28064776]; startup date [Wed Mar 28 17:24:16 GMT+05:30 2007]; root of context hierarchy]
17:24:17,261 DEBUG DefaultListableBeanFactory:185 - Returning cached instance of singleton bean 'remoteService'
17:24:17,261 DEBUG DefaultListableBeanFactory:755 - Bean with name 'remoteService' is a factory bean
17:24:17,261  INFO XmlBeanDefinitionReader:132 - Loading XML bean definitions from class path resource [remoteService.xml]
17:24:17,277 DEBUG XmlBeanDefinitionReader:136 - Using JAXP implementation [org.apache.xerces.jaxp.DocumentBuilderFactoryImpl@161f10f]
17:24:17,277 DEBUG ResourceEntityResolver:52 - Trying to resolve XML entity with public ID [-//SPRING//DTD BEAN//EN] and system ID [http://www.springframework.org/dtd/spring-beans.dtd]
17:24:17,277 DEBUG ResourceEntityResolver:58 - Trying to locate [spring-beans.dtd] under [/org/springframework/beans/factory/xml/]
17:24:17,277 DEBUG ResourceEntityResolver:66 - Found beans DTD [http://www.springframework.org/dtd/spring-beans.dtd] in classpath
17:24:17,292 DEBUG DefaultXmlBeanDefinitionParser:172 - Loading bean definitions
17:24:17,308 DEBUG DefaultXmlBeanDefinitionParser:179 - Default lazy init 'false'
17:24:17,308 DEBUG DefaultXmlBeanDefinitionParser:180 - Default dependency check 'none'
17:24:17,308 DEBUG DefaultXmlBeanDefinitionParser:181 - Default autowire 'no'
17:24:17,308 DEBUG DefaultXmlBeanDefinitionParser:186 - Found 1 <bean> elements defining beans
17:24:17,308  INFO ClassPathXmlApplicationContext:90 - Bean factory for application context [org.springframework.context.support.ClassPathXmlApplicationContext;hashCode=19327071]: org.springframework.beans.factory.support.DefaultListableBeanFactory defining beans [remoteService]; root of BeanFactory hierarchy
17:24:17,308  INFO ClassPathXmlApplicationContext:287 - 1 beans defined in application context [org.springframework.context.support.ClassPathXmlApplicationContext;hashCode=19327071]
17:24:17,308 DEBUG CollectionFactory:108 - Creating java.util.LinkedHashMap
17:24:17,308  INFO ClassPathXmlApplicationContext:411 - Unable to locate MessageSource with name 'messageSource': using default [org.springframework.context.support.DelegatingMessageSource@77158a]
17:24:17,308  INFO ClassPathXmlApplicationContext:433 - Unable to locate ApplicationEventMulticaster with name 'applicationEventMulticaster': using default [org.springframework.context.event.SimpleApplicationEventMulticaster@27391d]
17:24:17,308 DEBUG CollectionFactory:108 - Creating java.util.LinkedHashMap
17:24:17,308  INFO DefaultListableBeanFactory:262 - Pre-instantiating singletons in factory [org.springframework.beans.factory.support.DefaultListableBeanFactory defining beans [remoteService]; root of BeanFactory hierarchy]
17:24:17,308  INFO DefaultListableBeanFactory:218 - Creating shared instance of singleton bean 'remoteService'
17:24:17,308 DEBUG DefaultListableBeanFactory:264 - Creating instance of bean 'remoteService' with merged definition [Root bean with class [org.springframework.remoting.httpinvoker.HttpInvokerProxyFactoryBean] defined in class path resource [remoteService.xml]]
17:24:17,308 DEBUG DefaultListableBeanFactory:192 - Invoking BeanPostProcessors before instantiaion of bean 'remoteService'
17:24:17,308 DEBUG CachedIntrospectionResults:96 - Using cached introspection results for class [org.springframework.remoting.httpinvoker.HttpInvokerProxyFactoryBean]
17:24:17,308 DEBUG BeanWrapperImpl:811 - About to invoke write method [public void org.springframework.remoting.support.UrlBasedRemoteAccessor.setServiceUrl(java.lang.String)] on object of class [org.springframework.remoting.httpinvoker.HttpInvokerProxyFactoryBean]
17:24:17,308 DEBUG BeanWrapperImpl:819 - Invoked write method [public void org.springframework.remoting.support.UrlBasedRemoteAccessor.setServiceUrl(java.lang.String)] with value [http://localhost:28080/catissuecore/http/remoteService]
17:24:17,308 DEBUG BeanWrapperImpl:984 - Converting String to [class java.lang.Class] using property editor [org.springframework.beans.propertyeditors.ClassEditor@116ab4e]
17:24:17,324 DEBUG BeanWrapperImpl:811 - About to invoke write method [public void org.springframework.remoting.support.RemoteAccessor.setServiceInterface(java.lang.Class)] on object of class [org.springframework.remoting.httpinvoker.HttpInvokerProxyFactoryBean]
17:24:17,324 DEBUG BeanWrapperImpl:819 - Invoked write method [public void org.springframework.remoting.support.RemoteAccessor.setServiceInterface(java.lang.Class)] with value [interface gov.nih.nci.system.comm.common.ApplicationServiceProxy]
17:24:17,324 DEBUG DefaultListableBeanFactory:211 - Invoking BeanPostProcessors before initialization of bean 'remoteService'
17:24:17,324 DEBUG DefaultListableBeanFactory:935 - Invoking afterPropertiesSet() on bean with name 'remoteService'
17:24:17,324 DEBUG CollectionFactory:156 - Creating java.util.IdentityHashMap
17:24:17,324 DEBUG ProxyFactory:215 - Added new aspect interface: gov.nih.nci.system.comm.common.ApplicationServiceProxy
17:24:17,324 DEBUG JdkDynamicAopProxy:98 - Creating JDK dynamic proxy
17:24:17,324 DEBUG DefaultListableBeanFactory:230 - Invoking BeanPostProcessors after initialization of bean 'remoteService'
17:24:17,324 DEBUG DefaultListableBeanFactory:772 - Calling code asked for FactoryBean instance for name 'remoteService'
17:24:17,324 DEBUG DefaultListableBeanFactory:185 - Returning cached instance of singleton bean 'remoteService'
17:24:17,324 DEBUG DefaultListableBeanFactory:755 - Bean with name 'remoteService' is a factory bean
17:24:17,324 DEBUG ClassPathXmlApplicationContext:214 - Publishing event in context [org.springframework.context.support.ClassPathXmlApplicationContext;hashCode=19327071]: org.springframework.context.event.ContextRefreshedEvent[source=org.springframework.context.support.ClassPathXmlApplicationContext: display name [org.springframework.context.support.ClassPathXmlApplicationContext;hashCode=19327071]; startup date [Wed Mar 28 17:24:17 GMT+05:30 2007]; root of context hierarchy]
17:24:17,324 DEBUG DefaultListableBeanFactory:185 - Returning cached instance of singleton bean 'remoteService'
17:24:17,324 DEBUG DefaultListableBeanFactory:755 - Bean with name 'remoteService' is a factory bean
17:24:17,371 DEBUG SimpleHttpInvokerRequestExecutor:65 - Sending HTTP invoker request for service at [http://localhost:28080/catissuecore/http/remoteService], with size 373
